converged SCF energy = -209.981153868071
n_localize= 18
MO # 0 Energy: -14.365915 Occ: 2
4 N 1s     96.80539858176604
4 N 3s     1.733117965315257
3 C 3s     0.1881466420498766
0 C 3s     0.18812817973040635
3 C 3py    0.16079381118089936
0 C 3py    0.16078433520567117
4 N 2s     0.15931575295388828
5 H 1s     0.07379853981143594
4 N 3px    0.051338007009209055
3 C 2py    0.047070306681790165
0 C 2py    0.04706498825489544
3 C 2s     0.041902496816312446
0 C 2s     0.04190104919764743
4 N 2pz    0.023575696949567817
2 C 3px    0.023023784161162405
1 C 3px    0.02301884825927316
9 H 2s     0.022358717788353223
6 H 2s     0.022356493890786883
3 C 2px    0.020902483721288657
0 C 2px    0.02090146908962535
4 N 3pz    0.019480930505514815
2 C 3s     0.018441918311476044
1 C 3s     0.01843382470130303
5 H 2s     0.011537402539313426
2 C 3py    0.007950581962658564
1 C 3py    0.007946893008870404
3 C 3px    0.005045503559414822
0 C 3px    0.005036390027100573
2 C 2s     0.0040975292543581855
1 C 2s     0.004096189166107489
8 H 2s     0.00342600647021474
7 H 2s     0.0034241275378035308
0 C 2pz    0.0031384131660247743
3 C 2pz    0.0031367938755743957
3 C 1s     0.0026131828424870948
0 C 1s     0.002613124720948609
9 H 1s     0.002359727130498257
6 H 1s     0.0023594793419697353
0 C 3pz    0.002219544645019574
3 C 3pz    0.002218420206787506
4 N 2px    0.0019797936775816658
1 C 3pz    0.0018998106692910326
2 C 3pz    0.001899335437844163
2 C 2px    0.0018610416095400247
1 C 2px    0.0018605017258393542
2 C 2py    0.001172236581135415
1 C 2py    0.001171481974067859
1 C 2pz    0.0010176118075942966
2 C 2pz    0.0010173278722978496
8 H 1s     0.0006085768293419491
7 H 1s     0.0006083352219874912
2 C 1s     0.00021378531285377492
1 C 1s     0.00021373198466379827
4 N 3py    1.7548768895877545e-06
4 N 2py    5.416122739820455e-07
MO # 1 Energy: -10.192497 Occ: 2
3 C 1s     97.73678548655684
3 C 3s     1.081477545656124
3 C 2s     0.31745968765419186
2 C 3s     0.0990105568530163
2 C 2px    0.08772822362194234
4 N 3px    0.06948861540560922
9 H 1s     0.06774288173578026
2 C 3px    0.06249637822514135
0 C 3py    0.06071821701330478
2 C 2s     0.05871983030281668
0 C 3s     0.0555238598375988
4 N 3s     0.03993653975856396
1 C 3s     0.0350248731932506
1 C 3px    0.02855109773529281
4 N 2py    0.027673749707314944
4 N 3py    0.02163760094165723
4 N 2s     0.019095320549678534
4 N 2px    0.01423529411128945
8 H 2s     0.013669629810885445
2 C 2py    0.013531055580468526
9 H 2s     0.012692929140940019
3 C 3px    0.01268499047743202
0 C 3px    0.01057891322559485
3 C 2px    0.008014398462494143
7 H 2s     0.005554489479093374
6 H 2s     0.005537675641844326
1 C 3py    0.00504504360604907
1 C 2s     0.004151401556920219
2 C 1s     0.0033721072072695627
5 H 2s     0.0032542678888541217
2 C 3py    0.002965428680355835
3 C 2py    0.0028286370393744145
3 C 3py    0.0020722993478510493
0 C 2py    0.0020580581253547532
8 H 1s     0.0017409280293127385
4 N 1s     0.0016626265626134692
1 C 2py    0.0013978321605352026
0 C 2s     0.0012585619341340549
7 H 1s     0.0008855741465772498
1 C 2px    0.0006457007057053695
0 C 1s     0.0003206408328567879
5 H 1s     0.00030185662023372254
1 C 1s     0.0002096783176510706
6 H 1s     0.00016629011482803844
0 C 2px    8.698765041185969e-05
4 N 2pz    1.706756132383821e-06
4 N 3pz    1.4936782645809957e-06
3 C 2pz    1.2472644108213322e-06
3 C 3pz    9.845004774702837e-07
2 C 2pz    2.0728334474548836e-07
2 C 3pz    1.9461061638866361e-07
1 C 3pz    1.7716224235383937e-07
0 C 3pz    1.3636745940953886e-07
1 C 2pz    8.790615753367211e-08
0 C 2pz    3.265621424891186e-09
MO # 2 Energy: -10.192470 Occ: 2
0 C 1s     97.73678309778336
0 C 3s     1.0814780834086164
0 C 2s     0.31745967029762945
1 C 3s     0.09901094713560253
1 C 2px    0.08772588014123173
4 N 3px    0.06949253167316977
6 H 1s     0.0677425147849614
1 C 3px    0.062496352568155965
3 C 3py    0.06071647343979742
1 C 2s     0.05871997102264342
3 C 3s     0.05552412399867363
4 N 3s     0.039936657308603345
2 C 3s     0.0350255093041021
2 C 3px    0.028550212508806447
4 N 2py    0.027672570304656127
4 N 3py    0.021633512426893122
4 N 2s     0.01909543038227536
4 N 2px    0.014236892380827967
7 H 2s     0.013669708905837597
1 C 2py    0.013533653393267172
6 H 2s     0.012693403233456357
0 C 3px    0.012685076142823614
3 C 3px    0.010580280811125106
0 C 2px    0.008014590827607365
8 H 2s     0.005554570369549177
9 H 2s     0.005537692053509454
2 C 3py    0.005046492690342718
2 C 2s     0.004151458892139875
1 C 1s     0.003372119874174569
5 H 2s     0.0032542705348614378
1 C 3py    0.002964746765208924
0 C 2py    0.002828398724397409
0 C 3py    0.002072021103247908
3 C 2py    0.0020580600711870576
7 H 1s     0.0017409539521886133
4 N 1s     0.0016626287658416594
2 C 2py    0.0013979037778118486
3 C 2s     0.0012585558236839658
8 H 1s     0.0008855852854130458
2 C 2px    0.0006456322124809724
3 C 1s     0.00032063995833213566
5 H 1s     0.00030186002277882005
2 C 1s     0.0002096791564869384
9 H 1s     0.00016628485999420294
3 C 2px    8.703166851752355e-05
4 N 2pz    1.7130798167050762e-06
4 N 3pz    1.532350243266168e-06
0 C 2pz    1.2300918090503122e-06
0 C 3pz    9.595167082123797e-07
1 C 2pz    2.213603884781703e-07
1 C 3pz    1.931897970613185e-07
2 C 3pz    1.893646368002563e-07
3 C 3pz    1.4262025592830662e-07
2 C 2pz    8.587114615264905e-08
3 C 2pz    1.809138539446789e-09
MO # 3 Energy: -10.154636 Occ: 2
2 C 1s     97.21847931307988
2 C 3s     1.485419855339915
2 C 2s     0.3728656390992412
3 C 3s     0.14952807719161706
1 C 3s     0.11912584096339138
3 C 2px    0.08484603093087284
1 C 3py    0.08362452759142562
8 H 1s     0.07545529594513886
1 C 2py    0.06493990299363517
3 C 2s     0.06325970903516595
3 C 3px    0.06219623683279152
1 C 2s     0.04133256179640848
3 C 3py    0.03698905193131278
2 C 3px    0.02204897101070759
8 H 2s     0.017767284853200584
2 C 3py    0.016536299196422435
9 H 2s     0.016494724419407233
7 H 2s     0.009274096866821466
3 C 2py    0.009256503144975784
4 N 3px    0.006870584711545011
0 C 3px    0.004757394550904236
3 C 1s     0.0036284488485178253
4 N 2s     0.0035343316984860107
1 C 3px    0.003073215425726798
0 C 3s     0.0027276387457230112
5 H 2s     0.0026703044647078925
0 C 2s     0.0023941393090235992
1 C 1s     0.002340713804864985
2 C 2px    0.002216489417870184
0 C 3py    0.0021205630018739374
4 N 3py    0.0018143858268528559
4 N 3s     0.0018077001993735862
9 H 1s     0.0018002751579235673
4 N 2px    0.0016686228942823468
2 C 2py    0.0014502696337113502
6 H 2s     0.0011630645712521507
0 C 2py    0.001132587628419649
7 H 1s     0.0010530544419895117
5 H 1s     0.0006664383389843183
0 C 2px    0.00046200257963276506
4 N 2py    0.00035118601474901654
1 C 2px    0.00026355193719416233
6 H 1s     0.0002542976736925142
4 N 1s     0.00017499865339853604
0 C 1s     0.000151593381861464
2 C 2pz    2.094072446684835e-06
4 N 3pz    2.0522769620413863e-06
2 C 3pz    1.933283581483876e-06
4 N 2pz    1.7753173139662712e-06
1 C 3pz    9.861527535722919e-07
3 C 3pz    9.395408094423094e-07
1 C 2pz    8.488992890038968e-07
3 C 2pz    6.804303722712476e-07
0 C 3pz    5.305201584872896e-07
0 C 2pz    3.843718749628357e-07
MO # 4 Energy: -10.154295 Occ: 2
1 C 1s     97.21847916536508
1 C 3s     1.485418452680742
1 C 2s     0.3728661183864557
0 C 3s     0.14952811590430767
2 C 3s     0.11912606446194658
0 C 2px    0.08484354222075781
2 C 3py    0.08362638624364287
7 H 1s     0.07545566742662041
2 C 2py    0.06493996149846523
0 C 2s     0.06325959837150308
0 C 3px    0.0621903641453361
2 C 2s     0.04133252233463134
0 C 3py    0.036993321414086996
1 C 3px    0.02204968611552315
7 H 2s     0.017767566548132885
1 C 3py    0.016535493126501346
6 H 2s     0.016494678052707473
8 H 2s     0.009274139063251285
0 C 2py    0.009258818176269976
4 N 3px    0.00687056308914297
3 C 3px    0.004757351995436734
0 C 1s     0.0036284416672747667
4 N 2s     0.0035343459299743956
2 C 3px    0.0030728523025037
3 C 3s     0.002727523876560743
5 H 2s     0.0026702645364632288
3 C 2s     0.002394120347074807
2 C 1s     0.002340711863288753
1 C 2px    0.002216382653535786
3 C 3py    0.0021210807041623543
4 N 3py    0.0018142309808215412
4 N 3s     0.001807762755086341
6 H 1s     0.0018002734567363517
4 N 2px    0.0016686938582480802
1 C 2py    0.0014504168442451533
9 H 2s     0.001163099107780221
3 C 2py    0.0011325708709606017
8 H 1s     0.0010530727954030457
5 H 1s     0.0006664284208312051
3 C 2px    0.00046203840814734904
4 N 2py    0.0003510964609681295
2 C 2px    0.0002638360914174593
9 H 1s     0.000254301558430764
4 N 1s     0.00017499866042846056
3 C 1s     0.00015159243584999182
1 C 2pz    2.122523138046869e-06
4 N 3pz    2.0510144028858816e-06
1 C 3pz    2.0310941843256973e-06
4 N 2pz    1.769843620636632e-06
2 C 3pz    1.0099307249340572e-06
0 C 3pz    9.417560572581457e-07
2 C 2pz    8.022677526902108e-07
0 C 2pz    6.559318920347279e-07
3 C 3pz    5.180586619991926e-07
3 C 2pz    3.8437306444941783e-07
MO # 5 Energy: -0.970313 Occ: 2
4 N 3s     14.680291507914248
4 N 2py    12.5981453255341
4 N 2s     10.019366457073355
0 C 2py    8.580625353549102
0 C 2s     7.481104348987426
4 N 3py    7.468626116714128
0 C 2px    6.291691346961661
4 N 2px    4.331455537870258
4 N 3px    3.601679295208613
6 H 2s     2.124380193685573
0 C 3px    1.7584907340294418
2 C 3s     1.6505330902674198
5 H 2s     1.6436944364441028
4 N 2pz    1.3000926459985003
3 C 3s     1.1372129350927873
4 N 1s     1.0815902548112606
4 N 3pz    1.071878668222307
1 C 3py    1.0563924549513306
3 C 3py    0.8687889994667352
3 C 2s     0.8451289692496713
5 H 1s     0.7955556102319653
0 C 3py    0.7370509762183561
0 C 1s     0.6946178196481594
9 H 2s     0.6933874992964523
3 C 3px    0.6830076918259446
3 C 2py    0.6531293049486405
3 C 2px    0.6504695266303764
7 H 2s     0.5703884032824402
1 C 2s     0.5162087181319772
1 C 2px    0.5141628906162097
6 H 1s     0.4615467099682422
1 C 3s     0.4415523564016056
2 C 3py    0.3343174612112241
2 C 3px    0.32751989924519737
2 C 2s     0.26862813605942304
0 C 2pz    0.2571846435020206
1 C 3px    0.21633461412329244
0 C 3pz    0.19530555988308257
9 H 1s     0.18357514428517915
1 C 2py    0.1625209002689441
7 H 1s     0.12501351172734082
2 C 2px    0.12078824842188038
2 C 3pz    0.11742713512679549
0 C 3s     0.11375112234107346
3 C 2pz    0.11179903024508779
2 C 2py    0.08949319683287582
1 C 3pz    0.07694360487755732
2 C 2pz    0.07046685621107446
3 C 3pz    0.06262530600430599
3 C 1s     0.05097008662077214
1 C 2pz    0.03151387670228664
1 C 1s     0.02830428934579957
8 H 2s     0.026868994448540483
2 C 1s     0.0200551895264353
8 H 1s     0.006347013757169488
MO # 6 Energy: -0.764119 Occ: 2
1 C 2py    14.820964675951286
2 C 2py    14.820796415219336
2 C 2s     9.050023339764254
1 C 2s     9.050022263022983
1 C 3s     8.140546579738718
2 C 3s     8.1405178836844
1 C 3py    4.676123583845247
2 C 3py    4.676043404900714
4 N 3s     2.7537719481815643
8 H 2s     2.2259210971896004
7 H 2s     2.2258986085996986
0 C 3px    1.3210899273123913
3 C 3px    1.3210086243715506
3 C 3py    1.218591919490332
0 C 3py    1.218555926187366
0 C 3s     1.0288327640924304
3 C 3s     1.028829629102448
9 H 2s     0.9963611823413681
6 H 2s     0.996359087898131
0 C 2px    0.9328776206980849
3 C 2px    0.9328743743238977
1 C 1s     0.9232289914193351
2 C 1s     0.9232288550111516
0 C 2s     0.7100545171147763
3 C 2s     0.7100475281067364
4 N 3px    0.6427726317068528
2 C 3px    0.5664207028841898
1 C 3px    0.5663278151410016
8 H 1s     0.5048139629750998
7 H 1s     0.5048023012282068
2 C 2px    0.49337467181502087
1 C 2px    0.49317926722352357
4 N 2s     0.3391067567001386
9 H 1s     0.19489167922453615
6 H 1s     0.19488846082179714
4 N 2px    0.1584485164575397
3 C 2py    0.11471485979102763
0 C 2py    0.11467918251292661
5 H 2s     0.10827126923016983
0 C 1s     0.04440927239813184
3 C 1s     0.04440885390903303
5 H 1s     0.032225852225297745
4 N 1s     0.03148296227565644
2 C 2pz    0.001388294699334607
1 C 2pz    0.0013435704631349036
4 N 3pz    0.0012841433903430066
2 C 3pz    0.0012653008283846454
1 C 3pz    0.0012535685253733532
4 N 2pz    0.0011508967109733438
0 C 3pz    0.00015728551480939505
3 C 3pz    0.00015519605444471002
3 C 2pz    0.0001060106697380184
0 C 2pz    0.00010510890458282092
4 N 3py    4.867049464256192e-07
4 N 2py    3.7144611198075826e-07
MO # 7 Energy: -0.712979 Occ: 2
4 N 3s     14.680657811232983
4 N 2py    12.598412707779845
4 N 2s     10.019541657103796
3 C 2py    8.580914974461034
3 C 2s     7.481126009714593
4 N 3py    7.468690407721316
3 C 2px    6.290753661244883
4 N 2px    4.330891373547809
4 N 3px    3.6013352811528714
9 H 2s     2.124308263556442
3 C 3px    1.7582064665723292
1 C 3s     1.6501244353014484
5 H 2s     1.643683005554043
4 N 2pz    1.3008443324774173
0 C 3s     1.1378112194361034
4 N 1s     1.0816234112131886
4 N 3pz    1.0725368544547187
2 C 3py    1.0561604451130095
0 C 3py    0.8690512859376011
0 C 2s     0.8451055567040359
5 H 1s     0.7955534705957731
3 C 3py    0.736732408784907
3 C 1s     0.694627672957148
6 H 2s     0.6933167785296664
0 C 3px    0.6828830866809131
0 C 2py    0.653000446104548
0 C 2px    0.6504240484063943
8 H 2s     0.5702175576552224
2 C 2s     0.5161016684104199
2 C 2px    0.5141162441356854
9 H 1s     0.46153725433548787
2 C 3s     0.44109001558273697
1 C 3py    0.33416105511100586
1 C 3px    0.3273310976163057
1 C 2s     0.2686875989647902
3 C 2pz    0.2575660528029704
2 C 3px    0.2160218226894997
3 C 3pz    0.19551836534197323
6 H 1s     0.18357251895736446
2 C 2py    0.16252859367363862
8 H 1s     0.12498310790563846
1 C 2px    0.12082210511883228
1 C 3pz    0.11745325400381375
3 C 3s     0.11436752497769707
0 C 2pz    0.1118821980086266
1 C 2py    0.08952468789819233
2 C 3pz    0.07689159295319778
1 C 2pz    0.07047989803950594
0 C 3pz    0.0626715367965222
0 C 1s     0.05097064572623747
2 C 2pz    0.03152582509002554
2 C 1s     0.028299410940114882
7 H 2s     0.026951183433195913
1 C 1s     0.0200575372916519
7 H 1s     0.006352574200845163
MO # 8 Energy: -0.582394 Occ: 2
4 N 2px    19.777185502413076
5 H 1s     18.57675470173337
4 N 3s     14.278252780006003
4 N 2s     11.537544430730716
4 N 3px    10.581502527159946
5 H 2s     7.741657772906557
0 C 3s     1.9882812852035667
3 C 3s     1.9881349454160013
4 N 1s     1.2320078301246884
1 C 3s     1.2144961999876918
2 C 3s     1.214407194949907
3 C 2py    0.8770646456704757
0 C 2py    0.8770231769150285
0 C 3py    0.7606566906708473
3 C 3py    0.7606219911059442
0 C 2s     0.7527987512966593
3 C 2s     0.7527822928081176
1 C 3px    0.5497832046236781
2 C 3px    0.5497371402323599
0 C 2px    0.38536610598736515
3 C 2px    0.38534454241699334
0 C 3px    0.335118317220458
3 C 3px    0.3351145292389165
2 C 2s     0.2477564463183403
1 C 2s     0.2477517541406361
6 H 2s     0.20943308346184714
9 H 2s     0.2094126382135174
2 C 2px    0.20138977551034076
1 C 2px    0.2013896672225716
8 H 2s     0.19763488053511163
7 H 2s     0.19762305492941948
2 C 3py    0.14539084822754217
1 C 3py    0.1453691590113084
6 H 1s     0.10090281890109344
9 H 1s     0.10089944424038062
0 C 1s     0.060117592676377146
3 C 1s     0.060115933539453825
8 H 1s     0.04209259795479133
7 H 1s     0.04209202714688002
4 N 2pz    0.030681664873002532
4 N 3pz    0.02533659741012677
1 C 1s     0.018520707465938258
2 C 1s     0.018520653029405375
1 C 2py    0.012316553286393177
2 C 2py    0.012309117165157476
0 C 2pz    0.0042766997162121964
3 C 2pz    0.004266872051350756
0 C 3pz    0.0030098267081430656
3 C 3pz    0.003005490079992929
1 C 3pz    0.002228289612664109
2 C 3pz    0.0022206392106484557
1 C 2pz    0.0011080134363449742
2 C 2pz    0.0011032751361964802
4 N 3py    4.840195533459384e-05
4 N 2py    3.891801500245208e-05
MO # 9 Energy: -0.556314 Occ: 2
7 H 1s     19.19067515152074
7 H 2s     15.271290017708973
1 C 2px    12.308539463417834
1 C 3s     10.562599789567402
1 C 2s     10.484681134278686
1 C 2py    6.662804979310408
1 C 3px    4.670612831349289
1 C 3py    2.9920903292355683
0 C 3s     2.7386638386960045
2 C 3s     1.7287914436592509
4 N 3s     1.6331583643842156
3 C 3s     1.5492072089324858
1 C 1s     1.1716634277809757
0 C 2s     1.164777496884326
0 C 2px    0.9482876497974436
2 C 2py    0.7178467892897342
2 C 2s     0.6294309661176001
0 C 3px    0.5664662906862067
2 C 3py    0.498643395157378
4 N 3py    0.49270903487812684
3 C 3px    0.4635371888559376
5 H 2s     0.3778714096199881
0 C 2py    0.3327525664665127
8 H 2s     0.3094531561340363
4 N 2s     0.2913712271993081
9 H 2s     0.29014818631241013
0 C 3py    0.28538981977690486
3 C 2s     0.256111329426824
6 H 2s     0.20978886451378384
2 C 3px    0.1354522591533907
3 C 2px    0.12993986224582443
3 C 3py    0.12789052383115213
8 H 1s     0.11358704564727931
6 H 1s     0.10840025769423715
0 C 1s     0.09366506186503759
4 N 2px    0.09093307234861338
4 N 2py    0.08979735290308889
5 H 1s     0.07811232755926698
2 C 1s     0.051096409421666635
9 H 1s     0.04378078802043302
4 N 3px    0.04310703367407418
3 C 2py    0.03149814561473836
4 N 1s     0.02316858492516451
2 C 2px    0.021691827557800605
3 C 1s     0.018428643292051912
4 N 2pz    2.2684249540259013e-05
4 N 3pz    2.1312745123000907e-05
1 C 2pz    1.1838018086053548e-05
1 C 3pz    1.086154120281951e-05
2 C 3pz    7.656016944540246e-06
2 C 2pz    6.334134742540062e-06
3 C 3pz    2.7461748256509297e-06
3 C 2pz    2.663540976923053e-06
0 C 3pz    1.2622112108455152e-06
0 C 2pz    9.465512673191878e-08
MO # 10 Energy: -0.535479 Occ: 2
6 H 1s     19.229524695231927
0 C 2py    15.512535086551628
6 H 2s     14.481912163401422
0 C 2s     10.927394290781526
0 C 3s     10.372605489845254
0 C 3py    5.950729172531134
0 C 2px    3.908362732873132
4 N 3s     3.461295459467802
0 C 3px    2.4148722207475712
3 C 3s     1.6544687139820315
0 C 1s     1.2157363776329424
4 N 3py    0.9843812268512451
1 C 2px    0.9513694763724186
4 N 2s     0.8772422352049054
1 C 2s     0.8583683774510685
2 C 3s     0.67678074689611
4 N 2py    0.587267093640627
2 C 3px    0.5688562744704346
3 C 3py    0.5336351721838815
4 N 3px    0.5122321025688209
1 C 3s     0.4471258471193195
1 C 3py    0.3759761408914551
3 C 2s     0.31368491090597744
4 N 2px    0.3067263319892222
5 H 2s     0.3036157883968858
8 H 2s     0.2952600895014045
9 H 2s     0.2740971120424929
2 C 3py    0.23720347755515894
2 C 2s     0.22848814817195298
3 C 2py    0.21439066893857084
1 C 3px    0.21048052546072146
3 C 3px    0.18065342969238843
5 H 1s     0.1645523336787484
1 C 2py    0.1612817071483217
2 C 2py    0.1425474447562969
7 H 1s     0.08232857916349591
4 N 1s     0.06666323257563826
1 C 1s     0.06578575806863068
3 C 2px    0.06381493608037214
9 H 1s     0.0512202066120039
8 H 1s     0.0424172102467207
7 H 2s     0.03552327142878438
3 C 1s     0.02368192442012213
2 C 2px    0.016094425359159652
2 C 1s     0.0159465986760781
4 N 2pz    0.0003422205604929076
4 N 3pz    0.0002847295324490882
0 C 2pz    4.540478112470481e-05
3 C 2pz    4.471041722310292e-05
3 C 3pz    3.1564245961006856e-05
0 C 3pz    3.146048622171506e-05
1 C 3pz    3.0042204085341215e-05
2 C 3pz    2.8721483565445697e-05
1 C 2pz    1.642248086373886e-05
2 C 2pz    1.5516242106749584e-05
MO # 11 Energy: -0.422838 Occ: 2
8 H 1s     19.190665490828952
8 H 2s     15.271312540221828
2 C 2px    12.307848722705463
2 C 3s     10.562581031401972
2 C 2s     10.484647997493592
2 C 2py    6.6635122590363745
2 C 3px    4.670361756965812
2 C 3py    2.992377788684919
3 C 3s     2.7386489442010116
1 C 3s     1.7287963214022806
4 N 3s     1.6331694505803076
0 C 3s     1.5492040728901268
2 C 1s     1.1716596420401504
3 C 2s     1.1647686021254438
3 C 2px    0.9483153948103793
1 C 2py    0.7178570001058204
1 C 2s     0.6294372019902752
3 C 3px    0.5664954945154665
1 C 3py    0.4986300711196636
4 N 3py    0.49272375234447474
0 C 3px    0.463539103804784
5 H 2s     0.37787214622294857
3 C 2py    0.33272149756306746
7 H 2s     0.30945613585751447
4 N 2s     0.29137288346721013
6 H 2s     0.2901467144683144
3 C 3py    0.2853679193819187
0 C 2s     0.25611085683221924
9 H 2s     0.20978965806539504
1 C 3px    0.13545847074471987
0 C 2px    0.12993967368951045
0 C 3py    0.127872246639735
7 H 1s     0.11358830733831954
9 H 1s     0.10839975985359357
3 C 1s     0.09366447277284415
4 N 2px    0.0909267649035637
4 N 2py    0.08980518778155258
5 H 1s     0.07811225401939557
1 C 1s     0.05109678459436158
6 H 1s     0.04377992266170115
4 N 3px    0.04307794930877534
0 C 2py    0.03150350470242649
4 N 1s     0.02316879143797393
1 C 2px    0.021703259272154378
0 C 1s     0.018428566041555326
4 N 2pz    2.3061390015156633e-05
4 N 3pz    2.1544742779042973e-05
2 C 3pz    9.310386444929956e-06
2 C 2pz    8.294657027860995e-06
1 C 3pz    7.920254745134357e-06
1 C 2pz    6.691444215484295e-06
0 C 3pz    2.539741772693235e-06
0 C 2pz    2.5100413881641646e-06
3 C 3pz    1.5354306552691895e-06
3 C 2pz    2.250211671593758e-07
MO # 12 Energy: -0.415039 Occ: 2
9 H 1s     19.229497650047932
3 C 2py    15.511877087084152
9 H 2s     14.481888839053502
3 C 2s     10.927387657008028
3 C 3s     10.372624097028266
3 C 3py    5.95039207202444
3 C 2px    3.9090168861116457
4 N 3s     3.4613570137503733
3 C 3px    2.4151548844270128
0 C 3s     1.654470174693343
3 C 1s     1.2157354308156365
4 N 3py    0.9844474734815754
2 C 2px    0.9513771295369092
4 N 2s     0.877253929528668
2 C 2s     0.8583606597363506
1 C 3s     0.6767779631152802
4 N 2py    0.5873152057437423
1 C 3px    0.5688605717950727
0 C 3py    0.5336126875089371
4 N 3px    0.5122074349014933
2 C 3s     0.4471168985283786
2 C 3py    0.3759669812394544
0 C 2s     0.313686628013575
4 N 2px    0.30669635570673953
5 H 2s     0.30362038973935546
7 H 2s     0.2952582104734787
6 H 2s     0.2740975107937245
1 C 3py    0.23722266212984436
1 C 2s     0.22848733755393938
0 C 2py    0.21438236903935995
2 C 3px    0.21046690060437204
0 C 3px    0.1806680459438713
5 H 1s     0.16455206941938258
2 C 2py    0.1612554680108209
1 C 2py    0.14254401382378526
8 H 1s     0.0823294842751096
4 N 1s     0.06666436486565434
2 C 1s     0.06578534523460561
0 C 2px    0.06382364488881495
6 H 1s     0.05122073206433458
7 H 1s     0.04241702013083685
8 H 2s     0.03552620772490353
0 C 1s     0.023682042432049896
1 C 2px    0.01610092145289001
1 C 1s     0.01594655414842693
4 N 2pz    0.0003409590623534279
4 N 3pz    0.000282735817005149
0 C 2pz    4.543940689879811e-05
3 C 2pz    4.29629690261402e-05
0 C 3pz    3.278721225946081e-05
3 C 3pz    3.0159635507051087e-05
2 C 3pz    2.966196616863684e-05
1 C 3pz    2.940910263232606e-05
2 C 2pz    1.667413531529673e-05
1 C 2pz    1.6205062883132964e-05
MO # 13 Energy: -0.394579 Occ: 2
4 N 2pz    34.36019185315106
4 N 3pz    28.43613248658619
0 C 2pz    4.4856553763724625
3 C 2pz    4.485424541902177
4 N 3s     3.803235760997967
0 C 3pz    3.1811682735516107
3 C 3pz    3.1810786368336554
1 C 3pz    2.9056212851020726
2 C 3pz    2.9055421375537422
4 N 2s     2.786489988039291
1 C 2pz    1.6047234204735301
2 C 2pz    1.6046293945847134
4 N 2px    0.8135848648396644
4 N 3px    0.6607629728991229
3 C 2py    0.5568758831790704
0 C 2py    0.5564259930715723
3 C 2s     0.4865329217865263
0 C 2s     0.4862523346530649
5 H 2s     0.30840677887896145
3 C 2px    0.2933209192008134
0 C 2px    0.2929687277485074
3 C 3py    0.20424316360074854
0 C 3py    0.2037195727001098
1 C 3s     0.12181978192455445
2 C 3s     0.12104605824917657
3 C 3s     0.10088038149020417
0 C 3s     0.09982837600491827
4 N 1s     0.09875735560404893
9 H 2s     0.07405672507840678
6 H 2s     0.0738546445713157
2 C 2s     0.06952275240040101
1 C 2s     0.06939150923392941
3 C 3px    0.0630986489714424
0 C 3px    0.06276759983501441
5 H 1s     0.056694817567257125
2 C 3py    0.04448339021048032
1 C 3py    0.04416129799630455
8 H 2s     0.04393695281676132
7 H 2s     0.043745762779628335
3 C 1s     0.040109261029263155
0 C 1s     0.04008892459466317
2 C 2px    0.03743452753019626
1 C 2px    0.03734436304830698
2 C 2py    0.008915960547557191
1 C 2py    0.008837581852071511
8 H 1s     0.00877069209191031
7 H 1s     0.008744366376008323
2 C 1s     0.004208939931384284
1 C 1s     0.0042037333688284126
2 C 3px    0.0033217269223905937
1 C 3px    0.0028832621997371168
9 H 1s     0.0019427794505916635
6 H 1s     0.0019231603874567923
4 N 3py    0.00014104514720684363
4 N 2py    9.633308182038411e-05
MO # 14 Energy: -0.380581 Occ: 2
2 C 2pz    9.289833599273585
3 C 2pz    8.726063570091531
3 C 2px    8.368882854334037
2 C 3pz    7.921763212115237
3 C 3pz    7.710794440731937
2 C 2px    7.403608966679967
3 C 2s     6.913559679133373
3 C 3s     6.567154887469665
2 C 2s     6.114150615340206
2 C 3s     4.114628156038488
3 C 3px    2.499636213738633
0 C 3pz    2.1915340071766116
0 C 3s     1.8185318191373356
2 C 3px    1.5088607363312767
8 H 2s     1.438336509931736
2 C 2py    1.423899794752082
0 C 2pz    1.3465724507166554
9 H 2s     1.2984950313995687
1 C 3pz    1.021417597861025
4 N 3py    0.9669984339714486
1 C 2pz    0.9607049916417665
1 C 3px    0.9546884647089151
4 N 3pz    0.8602360223811734
2 C 3py    0.7838791749646787
3 C 1s     0.6758116547824363
0 C 3py    0.6202326002564643
2 C 1s     0.6031889894615637
3 C 2py    0.5997282731215491
5 H 2s     0.5831311158815158
4 N 3s     0.5690293482080502
7 H 2s     0.5649359664684432
4 N 2s     0.40516966135304516
4 N 3px    0.3335154796414741
4 N 2py    0.3327162943092488
8 H 1s     0.2577655666292066
1 C 3py    0.23777378751034964
0 C 2s     0.23365633520930518
1 C 2s     0.22916202280623815
0 C 3px    0.228264561320068
1 C 3s     0.22808007986098713
9 H 1s     0.2011323907398292
1 C 2py    0.1795894707500512
5 H 1s     0.13528615952122391
4 N 2pz    0.12094859943523006
7 H 1s     0.10072307808818207
0 C 2py    0.10012376674468992
4 N 2px    0.09186577108178469
1 C 2px    0.05056392963796401
0 C 2px    0.029240769938856007
3 C 3py    0.022138763823731863
4 N 1s     0.02012184033873627
0 C 1s     0.01652183833132123
1 C 1s     0.01045648822392511
6 H 2s     0.009603229605643195
6 H 1s     0.005290936998220198
MO # 15 Energy: -0.365449 Occ: 2
1 C 2pz    9.289283279729089
0 C 2pz    8.727752484168226
0 C 2px    8.36706576106766
1 C 3pz    7.9221777244010365
0 C 3pz    7.711674016270354
1 C 2px    7.404829877037253
0 C 2s     6.912783637055143
0 C 3s     6.567081683043849
1 C 2s     6.115500638827714
1 C 3s     4.116135357719331
0 C 3px    2.499016280383723
3 C 3pz    2.191444233277884
3 C 3s     1.817953611194434
1 C 3px    1.5093856376542585
7 H 2s     1.4389296840368277
1 C 2py    1.4226550309693549
3 C 2pz    1.3465387613444795
6 H 2s     1.2980373308276298
2 C 3pz    1.0215187795460055
4 N 3py    0.9669994089634407
2 C 2pz    0.9605582662418235
2 C 3px    0.9539033681503949
4 N 3pz    0.8604322241279388
1 C 3py    0.7827702051659274
0 C 1s     0.6756969821739436
3 C 3py    0.6192779781713335
1 C 1s     0.6033675989011714
0 C 2py    0.6002037302744249
5 H 2s     0.5829877900930649
4 N 3s     0.5702044262569979
8 H 2s     0.5646914004888289
4 N 2s     0.40505475207233194
4 N 3px    0.3330094006281135
4 N 2py    0.33266331002791294
7 H 1s     0.2578998858800067
2 C 3py    0.23814213522268418
3 C 2s     0.23379717822733445
2 C 2s     0.22916934686799467
3 C 3px    0.22822097127063484
2 C 3s     0.22721204702994116
6 H 1s     0.2010329878393207
2 C 2py    0.17981492733239277
5 H 1s     0.135246991544963
4 N 2pz    0.12097109720322467
8 H 1s     0.10070468128533674
3 C 2py    0.10005521515466193
4 N 2px    0.0918275045155719
2 C 2px    0.050499950091913014
3 C 2px    0.029320112241610862
0 C 3py    0.022742538749308604
4 N 1s     0.020117916420192793
3 C 1s     0.01652904930011737
2 C 1s     0.010463183812421287
9 H 2s     0.00934122808398563
9 H 1s     0.005306401634849322
MO # 16 Energy: -0.231553 Occ: 2
2 C 2pz    9.85331292391627
3 C 2pz    9.126926996438083
2 C 3pz    8.419371012097123
3 C 3pz    8.115863781683249
3 C 2px    7.63312939293273
2 C 2px    7.126962021654101
3 C 2s     6.981317475141431
3 C 3s     6.412702330427828
2 C 2s     6.02189355860965
2 C 3s     4.15258052299698
0 C 3pz    2.3426873466951794
3 C 3px    2.2932647104347206
0 C 3s     1.788453204172968
2 C 3px    1.466523104187538
0 C 2pz    1.4462720615859197
8 H 2s     1.3745420231204313
9 H 2s     1.3358218852020665
2 C 2py    1.2837124288495219
1 C 3pz    1.1226076463376076
1 C 2pz    1.0477342892010058
4 N 3pz    1.0168559635655838
1 C 3px    0.9069357931599199
3 C 2py    0.7044884953518478
2 C 3py    0.6951734807691589
3 C 1s     0.6895970812756779
4 N 3py    0.6567835622539895
0 C 3py    0.6103376179305984
2 C 1s     0.5928538604133204
5 H 2s     0.5516502403505287
7 H 2s     0.5228369313829616
4 N 3s     0.4495937089461173
4 N 3px    0.357364370578008
4 N 2s     0.32888807799709613
0 C 2s     0.29633662844580744
1 C 3py    0.24092589111665338
8 H 1s     0.2396806300800498
9 H 1s     0.21534238760273028
1 C 2s     0.1960810157386483
0 C 3px    0.19288203793470482
1 C 3s     0.19212424213071605
4 N 2pz    0.17853879252499977
0 C 2py    0.14087082857411634
1 C 2py    0.1393233806690895
5 H 1s     0.1275287764270229
7 H 1s     0.09197389245532513
4 N 2py    0.09174705141600371
4 N 2px    0.07336039587251213
1 C 2px    0.04007293381920334
3 C 3py    0.026963421826771822
6 H 2s     0.02259774520321115
0 C 1s     0.021878688879288694
4 N 1s     0.016025655269798347
6 H 1s     0.012353192059384399
1 C 1s     0.00873648318474462
0 C 2px    0.005618029110151128
MO # 17 Energy: -0.201419 Occ: 2
1 C 2pz    9.854037728316499
0 C 2pz    9.125519105106966
1 C 3pz    8.419185086822653
0 C 3pz    8.115216774292934
0 C 2px    7.63469372770224
1 C 2px    7.125395145076753
0 C 2s     6.982128535664131
0 C 3s     6.412756088928898
1 C 2s     6.020557516524402
1 C 3s     4.151036441890122
3 C 3pz    2.3427401110730157
0 C 3px    2.293894658518026
3 C 3s     1.7888842216565344
1 C 3px    1.4658552769887574
3 C 2pz    1.4462670509950357
7 H 2s     1.3740327611333205
6 H 2s     1.3363138556312666
1 C 2py    1.2854354053060266
2 C 3pz    1.1224270972913297
2 C 2pz    1.04780922882511
4 N 3pz    1.0165921871062065
2 C 3px    0.9076447489704007
0 C 2py    0.7043864880688907
1 C 3py    0.6964420967881312
0 C 1s     0.6897141022772547
4 N 3py    0.6567430777051511
3 C 3py    0.6112384453433876
1 C 1s     0.5926748289272497
5 H 2s     0.551790552618098
8 H 2s     0.5230298587060689
4 N 3s     0.44838359409741846
4 N 3px    0.3578288766083495
4 N 2s     0.3290043580518927
3 C 2s     0.2961744335302308
2 C 3py    0.2404363979932024
7 H 1s     0.23956848320540394
6 H 1s     0.21544700166487968
2 C 2s     0.19606857568404448
2 C 3s     0.19299110895516447
3 C 3px    0.1929557181698374
4 N 2pz    0.17845456497724974
3 C 2py    0.14093632615402
2 C 2py    0.13908956575658912
5 H 1s     0.12756612287514307
8 H 1s     0.09198310095250552
4 N 2py    0.09176426875751424
4 N 2px    0.07341581104395173
2 C 2px    0.040143906292162634
0 C 3py    0.02648814577261362
9 H 2s     0.022338395261115376
3 C 1s     0.02186945293807262
4 N 1s     0.016029013896119958
9 H 1s     0.012335275841772346
2 C 1s     0.00872974643381054
3 C 2px    0.005555550831976004
MO # 18 Energy: 0.052793 Occ: 0
1 C 3s     16.247989058757206
0 C 3s     14.144402633037979
2 C 3s     7.509922792225644
0 C 3py    6.291336245886567
1 C 3px    6.174145756977182
4 N 3s     5.177522091920185
1 C 3py    4.218555159954647
1 C 2px    4.130199698052492
0 C 2px    3.929706437084224
0 C 2s     3.789913589892258
1 C 2s     2.8780145114449245
2 C 3py    2.7549414019200267
4 N 3px    2.6046658536097445
0 C 3px    2.243987961423468
2 C 3px    2.0333532029632346
7 H 2s     1.9309493673077003
3 C 3s     1.6416524919635007
6 H 2s     1.6270774976380356
0 C 2pz    1.4233004458500573
1 C 2pz    1.2270305743954468
1 C 2py    1.2120682802963654
0 C 2py    0.7827300459902742
3 C 3py    0.6373593839144508
8 H 2s     0.6273305195707907
4 N 3py    0.593435405417376
2 C 2py    0.3341500482324411
5 H 2s     0.31344306296589103
4 N 3pz    0.2991971003763582
3 C 3px    0.29897944966829704
4 N 2s     0.2693570805543171
4 N 2pz    0.24918607874917706
1 C 3pz    0.21881404019594242
0 C 1s     0.215668255016101
1 C 1s     0.21360686293904935
0 C 3pz    0.2102142867011911
3 C 2s     0.18311002726752396
2 C 2pz    0.17424890952872857
6 H 1s     0.16280280387236828
4 N 2px    0.14034783800514136
7 H 1s     0.13905676249237553
2 C 3pz    0.10005974945017977
4 N 2py    0.09099952102301222
2 C 2s     0.08589911049731258
3 C 2py    0.07533620312316945
3 C 2pz    0.07489874981158105
3 C 3pz    0.06452907282216822
3 C 2px    0.06413266503817708
2 C 2px    0.056496993642491625
9 H 2s     0.051064367281417646
8 H 1s     0.022786516838254525
5 H 1s     0.02203490962030503
2 C 1s     0.01898159848297074
4 N 1s     0.015942492179204158
9 H 1s     0.0020804628136718854
3 C 1s     0.000984573317686965
MO # 19 Energy: 0.081877 Occ: 0
5 H 2s     42.371879242641384
4 N 3s     18.151318820833527
4 N 3px    17.537537355646446
5 H 1s     5.042091742610237
4 N 2s     3.9087695445759825
3 C 3py    2.2592755810382257
0 C 3py    2.2591682824841657
3 C 3s     2.1021712908003813
0 C 3s     2.102130018376078
4 N 2px    0.8339325639843743
9 H 2s     0.6269714511424886
6 H 2s     0.6269570722350297
1 C 3px    0.315293331971225
2 C 3px    0.3152291614429589
0 C 3px    0.21212427407412626
3 C 3px    0.21194827256201595
0 C 2px    0.16432844629359006
3 C 2px    0.16432577286245512
0 C 2py    0.08929562107942081
3 C 2py    0.0892837191304921
0 C 2s     0.07746368049056054
3 C 2s     0.07745990757076097
1 C 2s     0.06785723314745645
2 C 2s     0.06785424837007285
2 C 3py    0.04722302695890013
1 C 3py    0.04721519834515521
7 H 2s     0.04442575846603061
8 H 2s     0.044423733370433524
4 N 1s     0.043464769283411746
2 C 3s     0.022345580030264038
1 C 3s     0.02227421069634492
2 C 2py    0.010500260100027213
1 C 2py    0.010499458777979762
1 C 2px    0.01020177378371888
2 C 2px    0.010200497444235122
1 C 1s     0.0023337994611095864
2 C 1s     0.002333718420293381
9 H 1s     0.002084221627164449
6 H 1s     0.0020832677811470166
0 C 1s     0.0011977016354364925
3 C 1s     0.0011976224915561462
7 H 1s     0.0006388719450780764
8 H 1s     0.0006388427930864899
4 N 3py    4.8923001705830293e-05
4 N 2py    1.748060031575716e-06
4 N 3pz    3.270710300104946e-07
4 N 2pz    1.4926716853319623e-08
3 C 3pz    9.299881096065895e-09
0 C 3pz    8.877555680120945e-09
0 C 2pz    7.824854760079904e-09
1 C 3pz    4.880643275426086e-09
2 C 3pz    4.45594977549516e-09
3 C 2pz    2.1017277322247146e-09
1 C 2pz    5.67607464418438e-10
2 C 2pz    1.5760146587312087e-10
MO # 20 Energy: 0.100637 Occ: 0
2 C 3s     16.247764115744054
3 C 3s     14.14432437268887
1 C 3s     7.509921071582999
3 C 3py    6.291048925708584
2 C 3px    6.173605093281172
4 N 3s     5.177264867421956
2 C 3py    4.2184718645717245
2 C 2px    4.130312538110777
3 C 2px    3.930218019568864
3 C 2s     3.7897182728124004
2 C 2s     2.878321677376142
1 C 3py    2.7547814765329184
4 N 3px    2.604084424973985
3 C 3px    2.2442582493898526
1 C 3px    2.033584825311409
8 H 2s     1.9307757091595015
0 C 3s     1.6421427384132088
9 H 2s     1.6270817451929247
3 C 2pz    1.4234563815539756
2 C 2pz    1.2272503464235023
2 C 2py    1.2119648768679154
3 C 2py    0.7824171196867207
0 C 3py    0.6377348575748423
7 H 2s     0.6273658254592456
4 N 3py    0.5936517870722441
1 C 2py    0.3341148006300585
5 H 2s     0.3132801144089316
4 N 3pz    0.29912876433515884
0 C 3px    0.2989852368048269
4 N 2s     0.2693006567771457
4 N 2pz    0.24920973844392202
2 C 3pz    0.21890387142541545
3 C 1s     0.21567147864907038
2 C 1s     0.21361391120019796
3 C 3pz    0.21029142532384154
0 C 2s     0.1830764852360421
1 C 2pz    0.17429501769200093
9 H 1s     0.16279515170314923
4 N 2px    0.14050260320530217
8 H 1s     0.139040898752059
1 C 3pz    0.10011303316838462
4 N 2py    0.09101748227685356
1 C 2s     0.08587417202395044
0 C 2py    0.07529886898968517
0 C 2pz    0.0749183307300539
0 C 3pz    0.06454559366900021
0 C 2px    0.06411636815938385
1 C 2px    0.056511573676762086
6 H 2s     0.051110137125489626
7 H 1s     0.022789565336265565
5 H 1s     0.021978544989850485
1 C 1s     0.018983048580052696
4 N 1s     0.015940862830718622
6 H 1s     0.0020853529081784694
0 C 1s     0.0009857284683707094
MO # 21 Energy: 0.144663 Occ: 0
6 H 2s     30.27250017720379
0 C 3py    19.707750802963155
0 C 3s     9.18842989012015
1 C 3s     7.565389151542241
0 C 3px    6.110054315932476
1 C 3px    3.5169519014674555
1 C 3py    3.427036160164678
4 N 3s     2.9642662449176176
4 N 3px    2.8773578383324634
2 C 3s     2.6209721403848856
6 H 1s     2.5298511371267813
0 C 2s     2.1662829835308757
7 H 2s     1.3452345278102311
5 H 2s     0.8181488327332971
4 N 3py    0.7556665892635906
0 C 2py    0.7548860589546939
3 C 3py    0.6752197776446034
2 C 3py    0.5364828453062549
3 C 3px    0.3883469020673679
3 C 2s     0.26299895013277075
0 C 2px    0.19830566971016053
4 N 2s     0.19752878563479292
1 C 2s     0.15639528393601906
5 H 1s     0.14526408928226664
9 H 2s     0.1324549711211478
7 H 1s     0.12365356732856347
2 C 3px    0.0902271591030379
2 C 2s     0.08026479610885043
3 C 2py    0.07131342532284032
1 C 2px    0.048363670489019316
8 H 2s     0.04701240357597897
4 N 2px    0.04444147680310076
3 C 3s     0.03928314823448242
2 C 2py    0.03692806501297189
0 C 1s     0.033562640438230026
3 C 2px    0.02280702805247665
9 H 1s     0.01081358313701016
8 H 1s     0.009711957952656964
4 N 2py    0.008957678765962358
3 C 1s     0.004893309003486224
2 C 2px    0.004775722424856244
1 C 2py    0.003811400311945582
2 C 1s     0.0021811284299964734
1 C 1s     0.0020296899302908863
4 N 1s     0.001191951948702298
1 C 3pz    8.540851347133446e-08
2 C 3pz    3.268975559374639e-08
0 C 3pz    2.797025406321198e-08
4 N 3pz    1.9223340720874783e-08
2 C 2pz    1.5262863232795143e-09
4 N 2pz    1.130057432403119e-09
1 C 2pz    1.0633626051824474e-09
0 C 2pz    6.201526577271002e-10
3 C 3pz    4.987526210764699e-10
3 C 2pz    2.1126344175697326e-10
MO # 22 Energy: 0.166443 Occ: 0
9 H 2s     30.27227415229746
3 C 3py    19.70683074739732
3 C 3s     9.188260967863323
2 C 3s     7.565638294442466
3 C 3px    6.11110629058344
2 C 3px    3.516814379651058
2 C 3py    3.4272028491943254
4 N 3s     2.964157129009882
4 N 3px    2.877325539937996
1 C 3s     2.6210769883787925
9 H 1s     2.5298235532542686
3 C 2s     2.166246276877751
8 H 2s     1.3452819941672638
5 H 2s     0.818157891023026
4 N 3py    0.7555386582698985
3 C 2py    0.7548508147096751
0 C 3py    0.675283287153108
1 C 3py    0.5365073208645028
0 C 3px    0.38832855202420863
0 C 2s     0.2629981476644409
3 C 2px    0.1983426684375478
4 N 2s     0.19752360852833828
2 C 2s     0.1563983623268689
5 H 1s     0.1452642960238204
6 H 2s     0.1324556052039808
8 H 1s     0.12365816231371463
1 C 3px    0.09027020788404143
1 C 2s     0.08026099590543191
0 C 2py    0.07131025572221691
2 C 2px    0.04836526169957682
7 H 2s     0.047006848686068504
4 N 2px    0.044440918616638035
0 C 3s     0.03933566633397771
1 C 2py    0.036928667712173686
3 C 1s     0.03356201509531488
0 C 2px    0.022807975239821133
6 H 1s     0.010813661691576692
7 H 1s     0.009711838150082468
4 N 2py    0.008954876709334097
0 C 1s     0.004893352377654018
1 C 2px    0.004775039329260021
2 C 2py    0.003812977903070474
1 C 1s     0.002181063398205262
2 C 1s     0.0020298637166398016
4 N 1s     0.001191837806860953
2 C 3pz    5.178408487182879e-08
1 C 3pz    4.0392845685641126e-08
4 N 3pz    2.2765857985618533e-08
3 C 3pz    1.3143221073374174e-08
0 C 3pz    2.8681335396150655e-09
1 C 2pz    2.2678629289354447e-09
4 N 2pz    1.7453003906030683e-09
3 C 2pz    1.5001335426268743e-09
2 C 2pz    1.277694956208548e-09
0 C 2pz    6.783107856075083e-10
MO # 23 Energy: 0.174612 Occ: 0
8 H 2s     30.219013087079947
2 C 3px    16.15506186633525
2 C 3py    10.528225669628835
2 C 3s     7.431764285745398
1 C 3s     6.138770007988994
3 C 3s     5.299907972474675
1 C 3px    3.7794282284181278
3 C 3py    3.491239251373257
8 H 1s     2.808323988161358
0 C 3s     2.7113061266822798
1 C 3py    2.0392831695297216
2 C 2s     1.8022482614679047
7 H 2s     1.411924660984465
9 H 2s     1.0815570998049837
3 C 3px    0.7755241928853625
4 N 3s     0.6729908163436977
2 C 2px    0.6447206639547377
4 N 3px    0.5582740841503645
0 C 3py    0.4021427786047699
2 C 2py    0.39663053207451854
4 N 3py    0.34510502143469285
0 C 3px    0.3340247977289702
1 C 2s     0.16846290639316405
7 H 1s     0.12672880586075908
0 C 2s     0.10356234380919611
5 H 2s     0.09797457600484008
9 H 1s     0.09756740102302597
3 C 2s     0.08805223894477346
4 N 2s     0.059285964300270125
3 C 2py    0.04148362017216148
1 C 2px    0.03013101327906663
2 C 1s     0.026622100522783514
0 C 2px    0.025114536904869724
5 H 1s     0.022044248019276663
6 H 2s     0.020832517116265326
1 C 2py    0.018081828031972634
4 N 2px    0.013849670038929968
6 H 1s     0.007416959352486889
3 C 2px    0.0068894239240444785
0 C 2py    0.006675772417722118
4 N 2py    0.0033236508486545295
0 C 1s     0.0031264413586514703
1 C 1s     0.0025685423833951516
4 N 1s     0.001427663100184605
3 C 1s     0.0013108893735988092
2 C 3pz    1.6311791902931453e-07
1 C 3pz    1.1772092416894537e-07
0 C 3pz    1.852279250039553e-08
2 C 2pz    1.0687845956061163e-08
3 C 3pz    6.535276352901186e-09
4 N 3pz    4.440435706402727e-09
1 C 2pz    1.0530070665125088e-09
0 C 2pz    9.905412674840376e-10
3 C 2pz    4.943335614163024e-10
4 N 2pz    4.0435048853232673e-10
MO # 24 Energy: 0.186748 Occ: 0
7 H 2s     30.218964166336757
1 C 3px    16.15594258884682
1 C 3py    10.527317044926939
1 C 3s     7.431802378247778
2 C 3s     6.1387172513150405
0 C 3s     5.299998048686461
2 C 3px    3.779374064791451
0 C 3py    3.491315040770427
7 H 1s     2.808303731793147
3 C 3s     2.7113011484473635
2 C 3py    2.0394560071714163
1 C 2s     1.8022518154022507
8 H 2s     1.4118985346823691
6 H 2s     1.0815731276939582
0 C 3px    0.7753416992037155
4 N 3s     0.6730297257409157
1 C 2px    0.6447555400805636
4 N 3px    0.5582401863086714
3 C 3py    0.402131087463506
1 C 2py    0.3965934363813055
4 N 3py    0.3451339063320195
3 C 3px    0.3340427414222328
2 C 2s     0.16846040568094786
8 H 1s     0.12672648897390443
3 C 2s     0.10356099961969072
5 H 2s     0.09797278691604909
6 H 1s     0.09756906756777187
0 C 2s     0.0880490143667435
4 N 2s     0.0592827408805452
0 C 2py    0.04148305167282119
2 C 2px    0.030130693785645712
1 C 1s     0.026622200860192406
3 C 2px    0.02511559456143252
5 H 1s     0.02204402973935528
9 H 2s     0.020829580528162268
2 C 2py    0.018083166552406372
4 N 2px    0.013849889711813697
9 H 1s     0.007416712403428734
0 C 2px    0.006889090863348687
3 C 2py    0.0066740968066013664
4 N 2py    0.003323181073898411
3 C 1s     0.0031264022649902514
2 C 1s     0.0025685111183129804
4 N 1s     0.0014276084428624623
0 C 1s     0.0013108917430458002
1 C 3pz    3.6829480622999887e-07
2 C 3pz    7.615295173671687e-08
3 C 3pz    1.9420359472432034e-08
1 C 2pz    1.8983159316929857e-08
0 C 3pz    1.8237383418513304e-08
4 N 3pz    1.6210312728914363e-08
2 C 2pz    2.1659717257045017e-09
0 C 2pz    1.2335833683724697e-09
3 C 2pz    8.139764363926772e-10
4 N 2pz    3.0844313183675435e-10
MO # 25 Energy: 0.244792 Occ: 0
2 C 3s     15.08379344239841
1 C 3s     15.083698227390373
3 C 3s     7.334945928077028
0 C 3s     7.334855684786589
1 C 2py    6.041037297966237
2 C 2py    6.040992922432823
1 C 3px    4.884724908261484
2 C 3px    4.884622534526754
2 C 3py    4.290606699049929
1 C 3py    4.290284291250995
1 C 2s     3.688267922092463
2 C 2s     3.688242742238185
0 C 3py    3.1489242951452945
3 C 3py    3.148820982259192
8 H 2s     1.8774649968891688
7 H 2s     1.877444630546814
3 C 3px    1.4906096591025602
0 C 3px    1.4904160947949592
9 H 2s     0.5776398211913425
6 H 2s     0.577619729063364
2 C 2px    0.4881993375116639
1 C 2px    0.48805715586568077
4 N 3py    0.44262695594154605
2 C 1s     0.2487296371036801
1 C 1s     0.24872949809057357
0 C 2py    0.16344830630165552
3 C 2py    0.16344177715638655
3 C 2s     0.1616056106979895
0 C 2s     0.1616000716117805
8 H 1s     0.1477875483745276
7 H 1s     0.14778604677023388
3 C 2px    0.11870776914912366
0 C 2px    0.11869847986981974
9 H 1s     0.019312006259254097
6 H 1s     0.019310825690862985
3 C 1s     0.01102966308552462
0 C 1s     0.011029394492520583
4 N 2py    0.004874620750816969
4 N 3s     7.87288312613288e-06
5 H 2s     1.2972780024421161e-06
4 N 3px    1.2692244799337867e-06
4 N 2s     7.939227083981918e-07
5 H 1s     2.7106163318204696e-07
4 N 2px    2.6619797582757565e-07
1 C 3pz    2.390718265106764e-07
2 C 3pz    1.9848951173528855e-07
1 C 2pz    1.2508254087113467e-07
2 C 2pz    1.082908357235432e-07
4 N 1s     1.8971853867427686e-08
3 C 3pz    7.854870032958627e-09
4 N 3pz    6.497289244028117e-09
0 C 3pz    4.329716623085002e-09
0 C 2pz    3.7103511698216232e-09
3 C 2pz    2.3446718416432396e-09
4 N 2pz    6.010476440173518e-10
MO # 26 Energy: 0.249574 Occ: 0
4 N 3s     14.839338856677584
0 C 3s     12.118599022873983
0 C 2py    7.614386989505058
0 C 2s     7.240951274857655
4 N 3px    6.97929510019894
1 C 3s     5.37986743821758
0 C 2px    5.188635896412076
4 N 2py    4.574289752766979
0 C 3py    4.4169523069265315
3 C 3s     4.383249366465302
3 C 3py    4.22253283520196
1 C 3px    3.0136192336831575
4 N 3py    2.5105295365860014
4 N 2s     2.3842665389263176
4 N 2px    2.2798859835413925
0 C 3px    2.1308766962812866
2 C 3s     1.6883368232845393
3 C 3px    1.6579638547896594
5 H 2s     0.9332866889766693
1 C 3py    0.9077271721375537
6 H 2s     0.8778832086370876
2 C 3px    0.8111184285161659
9 H 2s     0.8012577422873283
3 C 2py    0.5573814641914195
7 H 2s     0.39280697753299215
0 C 1s     0.3355750521918018
4 N 1s     0.2760674455416154
1 C 2s     0.25942095998015285
1 C 2px    0.2462089400756343
3 C 2s     0.21875228626744359
2 C 3py    0.21370993963561974
1 C 2py    0.16415481836255857
3 C 2px    0.07160669430872381
5 H 1s     0.06153747736050281
9 H 1s     0.057290847708103054
2 C 2s     0.05677359666584976
6 H 1s     0.05300143710634087
8 H 2s     0.024179685247515733
2 C 2py    0.014515709087097333
2 C 2px    0.013383094521942515
3 C 1s     0.011177141893262492
1 C 1s     0.011000880375642187
8 H 1s     0.006097814576393379
7 H 1s     0.0004194353264828772
2 C 1s     8.730965798013419e-05
0 C 2pz    9.671994705412833e-08
1 C 3pz    4.8887205244879345e-08
4 N 3pz    4.701998719831758e-08
0 C 3pz    2.1998558062257513e-08
4 N 2pz    9.987841362643268e-09
1 C 2pz    9.462022131952724e-09
2 C 3pz    7.2292443623803435e-09
3 C 3pz    1.3647565166737305e-09
2 C 2pz    1.1530546791184602e-09
3 C 2pz    8.115469225756889e-10
MO # 27 Energy: 0.347532 Occ: 0
1 C 3px    30.488190428638017
0 C 3s     22.43625755330726
2 C 3px    8.63766340075427
7 H 2s     6.761909173266752
1 C 3s     5.593857376869312
0 C 3px    3.79906549292919
4 N 3s     3.0809161669974547
3 C 3s     2.9115176938929084
0 C 3py    2.9002930510854994
1 C 2px    2.8280146178017995
7 H 1s     1.9602474399605503
6 H 2s     1.2748731888756188
8 H 2s     1.1673033500164636
4 N 3px    0.8115480001832254
2 C 3py    0.794368965362306
3 C 3py    0.7547092086294686
1 C 2s     0.7424907072973583
0 C 2s     0.7289040074720566
3 C 3px    0.505296194087488
1 C 3py    0.2790280493305824
8 H 1s     0.25400962487966505
0 C 2px    0.22010834346563427
4 N 3py    0.17463839131331987
9 H 2s     0.15983791423042676
2 C 2s     0.11952982909781591
3 C 2s     0.08919234704134466
4 N 2s     0.08778457294365911
3 C 2px    0.054695990888039704
2 C 3s     0.05020855580888573
4 N 2py    0.04924072035957178
0 C 2py    0.0392529602822839
1 C 2py    0.03557668993501776
5 H 2s     0.03297652090424545
9 H 1s     0.03016747400732637
0 C 1s     0.028518560161677864
6 H 1s     0.022864613715529024
1 C 1s     0.02254176169967912
2 C 2px    0.019416563979967435
4 N 2px    0.01258739988001502
2 C 2py    0.011165701542892993
3 C 2py    0.010269056294701772
5 H 1s     0.009436235563364544
2 C 1s     0.004887292674225068
3 C 1s     0.0030932694699660006
4 N 1s     0.001544799282899403
1 C 3pz    4.6284503132417234e-07
1 C 2pz    1.108478141254358e-07
2 C 3pz    8.157966149284862e-08
3 C 3pz    4.9537715055371995e-08
0 C 3pz    2.7792161044780954e-08
4 N 3pz    3.841374644035666e-09
2 C 2pz    3.2275679696490274e-09
0 C 2pz    2.0206339290673727e-09
4 N 2pz    1.4134037104514149e-09
3 C 2pz    7.149767306880139e-10
MO # 28 Energy: 0.380401 Occ: 0
4 N 3py    31.74835574442796
0 C 3s     13.798373184983047
3 C 3s     13.798195058186758
0 C 3px    5.51122675812947
3 C 3px    5.511162912637562
4 N 2py    4.44944614071255
1 C 3py    3.2617024443991545
2 C 3py    3.2616831006866196
1 C 3s     2.5284574438896517
2 C 3s     2.5283493189914132
3 C 3py    1.8946031596551491
0 C 3py    1.8945181541219165
9 H 2s     1.0569843277830848
6 H 2s     1.0569244188461062
0 C 2s     0.9447955179281444
3 C 2s     0.9447848704777857
1 C 3px    0.7232600559874756
2 C 3px    0.7231086305728361
7 H 2s     0.5189360572810104
8 H 2s     0.5189297759264063
0 C 2px    0.47855116840024264
3 C 2px    0.47851465936580684
9 H 1s     0.3931842382715509
6 H 1s     0.39316871132801423
1 C 2s     0.35220007669982367
2 C 2s     0.3521948006228719
3 C 2py    0.33950583675162854
0 C 2py    0.3394726221142087
8 H 1s     0.054114556982614956
7 H 1s     0.054114465765019736
2 C 2px    0.02043196435850485
1 C 2px    0.020430679417634427
1 C 2py    0.012223041287060244
2 C 2py    0.01222246081006095
1 C 1s     0.00817598032517438
2 C 1s     0.008175806596942056
3 C 1s     0.004545558051448954
0 C 1s     0.0045454522256272245
4 N 3px    0.00033033304893871764
4 N 3s     6.523961319574329e-05
4 N 2px    2.6368112660247358e-05
5 H 2s     3.047432804749453e-06
5 H 1s     2.7634699097742892e-06
4 N 2s     2.672003953085236e-06
4 N 1s     2.3259170896096562e-07
1 C 3pz    7.972142941278544e-08
0 C 3pz    4.9423262648415205e-08
2 C 3pz    3.4053675575776616e-08
3 C 3pz    8.8478191682515e-09
4 N 3pz    5.586743758806369e-09
0 C 2pz    4.129325977585047e-09
3 C 2pz    3.5555429338382263e-09
1 C 2pz    1.623677385413905e-09
4 N 2pz    1.3448018181873156e-09
2 C 2pz    4.421461315129119e-10
MO # 29 Energy: 0.456970 Occ: 0
4 N 3s     14.839398162424112
3 C 3s     12.11837314313993
3 C 2py    7.614781560081392
3 C 2s     7.240914844623509
4 N 3px    6.97921150592319
2 C 3s     5.379673405816703
3 C 2px    5.188250448731203
4 N 2py    4.5744642420142
3 C 3py    4.41677485058229
0 C 3s     4.383444310942274
0 C 3py    4.222788206798566
2 C 3px    3.013434407747455
4 N 3py    2.510810922787312
4 N 2s     2.384216639357343
4 N 2px    2.2795984809707903
3 C 3px    2.130999367678385
1 C 3s     1.6884455031879377
0 C 3px    1.6578553028153062
5 H 2s     0.9333202941853249
2 C 3py    0.9077737275388662
9 H 2s     0.8778745101559694
1 C 3px    0.8111743279584775
6 H 2s     0.8012942197795028
0 C 2py    0.557375647437518
8 H 2s     0.3927877830740869
3 C 1s     0.3355704404511644
4 N 1s     0.2760664638915974
2 C 2s     0.2594013609893268
2 C 2px    0.24619590708239628
0 C 2s     0.21875158044385695
1 C 3py    0.213690698662339
2 C 2py    0.16415938415882955
0 C 2px    0.07162034054737472
5 H 1s     0.061552404732278014
6 H 1s     0.05729399504061074
1 C 2s     0.05677782697482318
9 H 1s     0.053015118917173296
7 H 2s     0.024187167141071882
1 C 2py    0.014515910405534835
1 C 2px    0.013381698505495176
0 C 1s     0.011177571863671973
2 C 1s     0.01100049482139017
7 H 1s     0.0060974385536125345
8 H 1s     0.00042097086185685184
1 C 1s     8.728822042075823e-05
3 C 3pz    3.4668141417796114e-08
4 N 3pz    2.282936087242292e-08
2 C 3pz    1.9739683863482024e-08
4 N 2pz    1.6340092964667995e-08
3 C 2pz    1.3326276433577438e-08
2 C 2pz    6.741225647525695e-09
1 C 3pz    4.35000704318989e-09
1 C 2pz    2.666102198130859e-09
0 C 2pz    6.708887048964055e-10
0 C 3pz    6.518029187096337e-10
MO # 30 Energy: 0.562029 Occ: 0
0 C 3s     27.97149235989319
1 C 3s     15.530443987568479
4 N 3s     10.491031185976578
0 C 3py    8.655701823225561
1 C 3px    6.284653105755448
0 C 2s     5.770852000792718
4 N 3px    3.463138914259262
2 C 3s     3.092190082329868
6 H 2s     2.9017705451810456
0 C 3px    2.8475475640149477
1 C 3py    1.8845396619805028
4 N 3py    1.5276672185318676
7 H 2s     1.2809599483419027
2 C 3py    1.125589313227126
4 N 2s     0.9449504189615234
0 C 3pz    0.8327944702486022
2 C 3px    0.7243549814503599
1 C 2s     0.7069660339094241
3 C 3s     0.6910145349626816
5 H 2s     0.5265705502317265
0 C 2pz    0.3628058013478415
3 C 3py    0.35291606335412307
3 C 2s     0.3246561947801547
1 C 2px    0.1951570875713793
1 C 3pz    0.18372219039481977
0 C 2px    0.1568522963988135
0 C 2py    0.15372119466993064
4 N 3pz    0.15186099181055462
8 H 2s     0.10684780336727563
3 C 2py    0.10631907232074919
2 C 2py    0.08785254623635787
1 C 2py    0.07798915542707155
3 C 2px    0.05946292154672618
7 H 1s     0.05347241513864187
0 C 1s     0.050787296188880636
4 N 2py    0.046633114560131604
2 C 2s     0.046262349292780794
2 C 2px    0.031978471282071805
6 H 1s     0.028438419040120552
9 H 2s     0.02650477172450032
1 C 2pz    0.024125602413810215
5 H 1s     0.020767049235902686
1 C 1s     0.019727932237254366
4 N 1s     0.01591803171426253
3 C 3px    0.014273566746722248
2 C 3pz    0.013538072620712003
3 C 3pz    0.007247537539187768
4 N 2px    0.0055903787606329134
3 C 1s     0.005083100159837816
4 N 2pz    0.004983610787873277
3 C 2pz    0.0038441902091268993
8 H 1s     0.003467882553437488
2 C 2pz    0.002185174764050793
2 C 1s     0.0005239619826194391
9 H 1s     0.00025505097921964845
MO # 31 Energy: 0.583016 Occ: 0
3 C 3py    29.02438906948845
4 N 3s     17.521822455331165
2 C 3py    11.041363051855527
9 H 2s     6.8183824845901
3 C 3px    5.084123054074065
1 C 3s     3.638489568225732
4 N 3px    3.3447826254258226
4 N 3py    3.1062706825415884
3 C 2py    2.384868091467011
9 H 1s     2.1927103122280673
3 C 3s     2.1782763144594743
4 N 2s     1.6654832489247435
3 C 2s     1.5606006242548316
8 H 2s     1.483490995246339
1 C 3py    1.3157416620037483
2 C 3px    1.302088527925924
1 C 3px    1.205898023385949
5 H 2s     0.8881114829381416
0 C 3px    0.8623032820403611
2 C 3s     0.5044138825450564
0 C 2s     0.390451307841061
0 C 3s     0.3585793425220943
3 C 2px    0.3415726475690436
0 C 3py    0.33812614806230046
8 H 1s     0.3249485290565504
1 C 2s     0.21923517160592104
7 H 2s     0.2088447554176886
0 C 2py    0.1553371977224953
5 H 1s     0.09725705237664942
2 C 2s     0.0953716453771149
1 C 2py    0.07908207250188187
2 C 2py    0.07646768336877194
0 C 2px    0.05222783581574287
7 H 1s     0.04262413583173118
4 N 1s     0.032265431841764024
3 C 1s     0.016932732795066695
4 N 2py    0.014854711802661449
2 C 2px    0.01181076262437108
2 C 1s     0.008079920137757015
0 C 1s     0.004908194666930016
1 C 1s     0.00397029007872072
4 N 2px    0.0011215663990443154
1 C 2px    0.0010039110439559098
6 H 1s     0.0007693496843572554
6 H 2s     0.0005479004435389037
1 C 3pz    9.930059025963855e-08
3 C 3pz    6.069757301444209e-08
3 C 2pz    3.533227698579848e-08
2 C 3pz    2.6366403366915038e-08
0 C 3pz    1.753281086260435e-08
4 N 3pz    1.3868020151997586e-08
1 C 2pz    3.601220981253895e-09
0 C 2pz    3.601150549543948e-09
2 C 2pz    3.174484633582574e-09
4 N 2pz    9.863801868382455e-10
MO # 32 Energy: 0.613879 Occ: 0
5 H 1s     35.9173206608602
4 N 3px    16.63738987436219
4 N 2px    11.671496851145454
4 N 3s     7.560653392818786
4 N 2s     4.423957053470325
3 C 3px    2.9654082558314854
0 C 3px    2.9651651766189238
5 H 2s     2.804750577712439
0 C 3py    2.1274754496577697
3 C 3py    2.1273811548557657
2 C 3s     1.884221997162741
1 C 3s     1.8841267495139498
3 C 3s     1.1352821901429933
0 C 3s     1.135252160675552
9 H 2s     0.5752039936993905
6 H 2s     0.5751863596556265
2 C 3py    0.48163904117325673
1 C 3py    0.4816235049071021
4 N 1s     0.3231404781979565
0 C 2s     0.27050445508311843
3 C 2s     0.2705003784402635
3 C 2px    0.23435468333959417
0 C 2px    0.234347842994991
0 C 2py    0.20992028825535422
3 C 2py    0.2099022561934529
8 H 2s     0.13970102937243678
7 H 2s     0.13969964135171611
9 H 1s     0.0935807009446971
6 H 1s     0.0935766696925025
1 C 2s     0.08658281799169462
2 C 2s     0.08658075361848742
2 C 3px    0.0629682722903829
1 C 3px    0.06291201057687094
1 C 2px    0.01741320494387398
2 C 2px    0.017412451013416822
2 C 2py    0.0135127995717433
1 C 2py    0.013511877162292272
0 C 1s     0.0126468045178776
3 C 1s     0.012646466956275361
8 H 1s     0.01166426222441506
7 H 1s     0.01166370968080375
2 C 1s     0.008818256458520241
1 C 1s     0.008818195493963916
4 N 3py    5.6292159585740384e-05
4 N 2py    2.835959056923003e-05
4 N 3pz    2.808627041669079e-07
4 N 2pz    2.3704010473e-07
0 C 3pz    3.2452526232423135e-08
3 C 3pz    2.200764371699252e-08
0 C 2pz    5.726875117022185e-09
2 C 3pz    5.7141230943259855e-09
1 C 3pz    5.6910481591427875e-09
2 C 2pz    2.986540083275817e-09
3 C 2pz    2.980172605947138e-09
1 C 2pz    2.1573967859835315e-09
MO # 33 Energy: 0.617778 Occ: 0
3 C 3s     27.97290619337083
2 C 3s     15.530402264668316
4 N 3s     10.49138791737631
3 C 3py    8.654676907083546
2 C 3px    6.28451958094091
3 C 2s     5.771279500357879
4 N 3px    3.462870786583392
1 C 3s     3.0917420555263146
9 H 2s     2.90154958033319
3 C 3px    2.847937455788548
2 C 3py    1.8844496305075464
4 N 3py    1.5280331499149757
8 H 2s     1.2809193165681276
1 C 3py    1.1254546703989639
4 N 2s     0.9450020240002612
3 C 3pz    0.832980178431802
1 C 3px    0.7243402912563965
2 C 2s     0.7069584586453436
0 C 3s     0.6908556251852844
5 H 2s     0.5265302639845527
3 C 2pz    0.3628620137485028
0 C 3py    0.3527281844809494
0 C 2s     0.32459524776718923
2 C 2px    0.19516193513657287
2 C 3pz    0.18377357074626785
3 C 2px    0.15689301315829832
3 C 2py    0.1536213971352813
4 N 3pz    0.1517801075210682
7 H 2s     0.10683850876046325
0 C 2py    0.10629731047734911
1 C 2py    0.08785072552588218
2 C 2py    0.07798179159664022
0 C 2px    0.059460196067361935
8 H 1s     0.05346477763410234
3 C 1s     0.050789588118611985
4 N 2py    0.046625290040243766
1 C 2s     0.046271700848002854
1 C 2px    0.031978193124665426
9 H 1s     0.028360137699689734
6 H 2s     0.026475115002518083
2 C 2pz    0.024127880803982628
5 H 1s     0.020720616799424968
2 C 1s     0.019728273604400066
4 N 1s     0.015918497178891225
0 C 3px    0.01417099013462335
1 C 3pz    0.013550196737934008
0 C 3pz    0.007252611889627279
4 N 2px    0.005579382707443784
0 C 1s     0.005082310080275484
4 N 2pz    0.004981942538142241
0 C 2pz    0.003846311564681241
7 H 1s     0.003468855482615433
1 C 2pz    0.0021865434545177706
1 C 1s     0.0005241239024039504
6 H 1s     0.00025680760886864806
MO # 34 Energy: 0.629796 Occ: 0
2 C 3py    25.297460730796523
1 C 3s     22.522631559412822
3 C 3py    6.937832528581907
8 H 2s     5.887094735866942
1 C 3py    5.777721271236759
0 C 3s     5.391219439087794
2 C 3s     4.998097654601441
2 C 3px    2.980280762042792
0 C 3py    2.484372525571505
2 C 2py    2.3034039656583953
3 C 3px    2.1175513107627975
1 C 3px    1.7970317256849657
8 H 1s     1.7056231474836456
7 H 2s     1.5222210387526494
4 N 3py    1.1610532193094711
4 N 3px    1.1168616612667785
9 H 2s     1.0932548224087417
1 C 2s     0.9957552436303281
2 C 2s     0.6831653940387405
3 C 3s     0.5781740922738533
4 N 3s     0.520789080813327
0 C 3px    0.3642320999202544
6 H 2s     0.3447919969572671
2 C 2px    0.23732447518780506
9 H 1s     0.23000282778314515
1 C 2py    0.225419025747937
3 C 2s     0.18199303160699237
5 H 2s     0.11814687712507617
4 N 2s     0.10401996647663439
0 C 2px    0.06096150940062784
0 C 2s     0.053259741095911195
5 H 1s     0.044424775227029485
1 C 1s     0.0331102578371231
4 N 2px    0.02959575807988786
2 C 1s     0.020302916098816664
0 C 2py    0.01685848590651548
6 H 1s     0.01667590655944559
1 C 2px    0.013551814316807234
3 C 1s     0.009619620659661782
3 C 2py    0.007101608972212579
3 C 2px    0.0066358471306585875
7 H 1s     0.005563371438857841
4 N 2py    0.0028545986307350587
4 N 1s     0.0014731967868143428
0 C 1s     0.00048272171615257244
2 C 3pz    9.805879531219145e-07
1 C 3pz    2.4633572391512187e-07
2 C 2pz    2.27390594228562e-07
3 C 3pz    1.5216671519550737e-07
4 N 3pz    2.7942183483898787e-08
1 C 2pz    1.0109985481895299e-08
3 C 2pz    7.659201416042265e-09
0 C 3pz    3.460532820517021e-09
0 C 2pz    3.098172084527976e-09
4 N 2pz    1.3041333763693586e-09
MO # 35 Energy: 0.643836 Occ: 0
1 C 3s     27.21865573914988
2 C 3s     13.23064718188659
0 C 3s     12.776066211645016
1 C 3px    6.5410969880333
1 C 2s     5.902382577031094
1 C 3py    4.938025182406063
2 C 3py    4.434769379369554
0 C 3py    3.734308792888372
3 C 3s     3.629837305510486
7 H 2s     3.0135454624622153
0 C 3px    2.620455073925892
2 C 3px    2.4612311944659737
3 C 3py    1.4698467121146168
8 H 2s     1.1528502186525593
4 N 3s     1.072812850156516
6 H 2s     0.9762936746068822
1 C 3pz    0.7167273308448834
3 C 3px    0.5193139177389091
2 C 2s     0.5079331666781266
4 N 3py    0.494063011700416
0 C 2s     0.3999499798578623
1 C 2pz    0.3222100195241928
1 C 2px    0.24626303878560962
2 C 2py    0.2205778709774241
0 C 2px    0.18710307817932276
1 C 2py    0.17376633259910895
0 C 3pz    0.15364708708948255
9 H 2s     0.14664770427794038
2 C 3pz    0.1347634761385769
7 H 1s     0.08245050827919402
3 C 2px    0.07004185406800899
5 H 2s     0.05963063470666563
8 H 1s     0.053853495625861024
1 C 1s     0.050888941566590726
6 H 1s     0.03721922297728664
4 N 2s     0.030171538029731045
4 N 2py    0.02778789566993625
2 C 2px    0.025622182283811194
3 C 2py    0.0186179259336561
0 C 2pz    0.018136875466854746
2 C 1s     0.017574538395689957
0 C 2py    0.015711433294300227
4 N 3px    0.015478423991255067
4 N 3pz    0.013404203522166005
0 C 1s     0.012935672986850718
5 H 1s     0.010678321439591075
4 N 2px    0.010659960129492017
2 C 2pz    0.009476061710609092
3 C 3pz    0.008440184896989614
3 C 2s     0.008290316311565066
9 H 1s     0.003697978564030735
4 N 2pz    0.001967366284343078
3 C 1s     0.0006582305863682694
4 N 1s     0.000626380085182483
3 C 2pz    0.00018929449713079373
MO # 36 Energy: 0.655881 Occ: 0
2 C 3px    30.488163748901513
3 C 3s     22.436474610864117
1 C 3px    8.637666613210309
8 H 2s     6.761791909598027
2 C 3s     5.594051331872397
3 C 3px    3.7993940396967005
4 N 3s     3.0809604587511035
0 C 3s     2.911423830596189
3 C 3py    2.9000156479470753
2 C 2px    2.8280110242930245
8 H 1s     1.960199232510008
9 H 2s     1.2749209493656903
7 H 2s     1.1673198468717527
4 N 3px    0.8115776967337215
1 C 3py    0.7946009112009637
0 C 3py    0.7546928183823405
2 C 2s     0.7424908304889095
3 C 2s     0.7289132151822572
0 C 3px    0.5052667704252988
2 C 3py    0.27858916540316375
7 H 1s     0.25401448945873056
3 C 2px    0.22011546601611054
4 N 3py    0.17462630763743955
6 H 2s     0.15984094584060554
1 C 2s     0.11952567927151994
0 C 2s     0.08918860948469734
4 N 2s     0.08778804299342813
0 C 2px    0.054693498913474387
1 C 3s     0.050204680457906985
4 N 2py    0.04924283924656696
3 C 2py    0.03924260841055066
2 C 2py    0.03554073135237358
5 H 2s     0.0329689302203712
6 H 1s     0.03016792740753979
3 C 1s     0.02851881807177067
9 H 1s     0.022858875191602988
2 C 1s     0.02254228727173797
1 C 2px    0.01941613019419512
4 N 2px    0.012584106722090224
1 C 2py    0.011167138115246012
0 C 2py    0.010265898401226688
5 H 1s     0.009435600341805805
1 C 1s     0.00488703476369052
0 C 1s     0.0030932002113432003
4 N 1s     0.0015448725298570192
2 C 3pz    3.57944541367543e-07
2 C 2pz    1.1814815593173333e-07
1 C 3pz    6.491820987692212e-08
0 C 3pz    6.25359180999752e-08
3 C 3pz    1.4129233215635595e-08
1 C 2pz    3.85198497913397e-09
4 N 3pz    3.7233717462908658e-09
4 N 2pz    2.065259107343962e-09
0 C 2pz    1.5370269474708025e-09
3 C 2pz    3.260370805884629e-10
MO # 37 Energy: 0.666546 Occ: 0
1 C 3s     23.442250027978485
0 C 3px    19.63461690688266
0 C 3py    9.023128206244465
0 C 3s     6.534847725881049
6 H 2s     6.376981694516032
1 C 3px    6.295486979253951
2 C 3s     4.516910762220817
4 N 3py    3.7547120339812023
4 N 3px    3.7265278952740633
6 H 1s     1.887228493533125
0 C 2px    1.5308695554154108
3 C 3px    1.4980080868954855
2 C 3px    1.4717138312444258
7 H 2s     1.4289196716154575
4 N 3s     1.3124218803571421
1 C 2s     0.9433631774194599
3 C 3py    0.8397211020965439
0 C 2py    0.8303043540923805
2 C 3py    0.7085929319962795
3 C 3s     0.5883592632350633
5 H 2s     0.5248005105020626
3 C 2s     0.47287495231890997
1 C 3py    0.40443631595776086
5 H 1s     0.3188825340237602
0 C 2s     0.313318982994317
9 H 2s     0.2805329859692647
4 N 2s     0.25486999631386786
8 H 2s     0.22002744726629234
1 C 2px    0.20518557632573445
4 N 2py    0.12271717600768017
3 C 2py    0.09818924676585927
2 C 2py    0.08964925774897627
3 C 2px    0.08082066524729781
1 C 2py    0.06854042752895152
4 N 2px    0.03947146561636477
9 H 1s     0.029585171718821045
1 C 1s     0.029517435412990376
2 C 2px    0.02379997157334383
0 C 1s     0.023138977367248775
7 H 1s     0.019869515407172755
2 C 2s     0.008975512134222655
3 C 1s     0.008854068149404393
8 H 1s     0.00856683537321685
4 N 1s     0.007196032884006404
2 C 1s     0.001213825676636237
0 C 3pz    2.482674226650743e-07
1 C 3pz    9.412706850334337e-08
4 N 3pz    7.234741615767633e-08
0 C 2pz    5.625652152423955e-08
2 C 3pz    4.38075345097949e-08
3 C 3pz    9.671021239582294e-09
2 C 2pz    3.263901717007541e-09
4 N 2pz    2.978498760897314e-09
3 C 2pz    1.514117851263832e-09
1 C 2pz    1.3491099097985132e-09
MO # 38 Energy: 0.697944 Occ: 0
2 C 3s     27.21706620970042
1 C 3s     13.23082414714349
3 C 3s     12.775936576790428
2 C 3px    6.541249856321775
2 C 2s     5.901766029490208
2 C 3py    4.938680568504355
1 C 3py    4.434592326163079
3 C 3py    3.7342565863856856
0 C 3s     3.6303109097644466
8 H 2s     3.013904750481995
3 C 3px    2.6205311383473777
1 C 3px    2.461672467556224
0 C 3py    1.4700726306235117
7 H 2s     1.1529839821287526
4 N 3s     1.0727097375445211
9 H 2s     0.9763336642941931
2 C 3pz    0.7166109998216552
0 C 3px    0.5192704446752645
1 C 2s     0.5079378802923931
4 N 3py    0.49418048664953074
3 C 2s     0.3999632668936834
2 C 2pz    0.322129329982674
2 C 2px    0.24627898998808226
1 C 2py    0.22056838948342727
3 C 2px    0.18710745858334316
2 C 2py    0.17379621776466422
3 C 3pz    0.1536211279260012
6 H 2s     0.14666965294325474
1 C 3pz    0.1347646667415239
8 H 1s     0.08255283744033799
0 C 2px    0.07004145242382996
5 H 2s     0.05962835827153999
7 H 1s     0.05387480158111116
2 C 1s     0.05088623916751576
9 H 1s     0.037225488799391714
4 N 2s     0.030187299173872046
4 N 2py    0.02778806153962482
1 C 2px    0.02562185757013175
0 C 2py    0.018612433385844746
3 C 2pz    0.018132070122750553
1 C 1s     0.01757485963513651
3 C 2py    0.015696142125401186
4 N 3px    0.015373343592114045
4 N 3pz    0.013401897146932846
3 C 1s     0.012934959867821033
5 H 1s     0.010680828035131916
4 N 2px    0.010663262789638616
1 C 2pz    0.009474973981467063
0 C 3pz    0.00844005895918287
0 C 2s     0.008280753567507203
6 H 1s     0.0036986104819101214
4 N 2pz    0.001965561922422648
0 C 1s     0.0006579417032477963
4 N 1s     0.000626674916827688
0 C 2pz    0.00018873881348590573
MO # 39 Energy: 0.707294 Occ: 0
2 C 3s     23.442235781169014
3 C 3px    19.635767079117333
3 C 3py    9.022028834719348
3 C 3s     6.534823323558205
9 H 2s     6.377049146813625
2 C 3px    6.295423543338357
1 C 3s     4.516841894292876
4 N 3py    3.7545335392871677
4 N 3px    3.726719682471912
9 H 1s     1.8872411083580802
3 C 2px    1.5309595714245927
0 C 3px    1.4979096133617675
1 C 3px    1.4717479537802596
8 H 2s     1.428901600233199
4 N 3s     1.3124458856422576
2 C 2s     0.9433529503319722
0 C 3py    0.8397852277247283
3 C 2py    0.8302103535890173
1 C 3py    0.7084912561804789
0 C 3s     0.5883412517135052
5 H 2s     0.5248091158442616
0 C 2s     0.4728644252641103
2 C 3py    0.40461411932690344
5 H 1s     0.3188846881891046
3 C 2s     0.31332220136407024
6 H 2s     0.2805167371841684
4 N 2s     0.25486542341607527
7 H 2s     0.22002794761606764
2 C 2px    0.2051921004717838
4 N 2py    0.12271279723870816
0 C 2py    0.09818309385196113
1 C 2py    0.08964972326586391
0 C 2px    0.08082139886661667
2 C 2py    0.06853386609721449
4 N 2px    0.03947735236832926
6 H 1s     0.029583467690461926
2 C 1s     0.029517178765934658
1 C 2px    0.023797677237550673
3 C 1s     0.023138614857910852
8 H 1s     0.01987247025013894
1 C 2s     0.008974840865961264
0 C 1s     0.008853939009532321
7 H 1s     0.008567142746922251
4 N 1s     0.007195926546909237
1 C 1s     0.0012137768286272104
3 C 3pz    1.710299445220643e-07
3 C 2pz    5.637156928661532e-08
1 C 3pz    5.586420368757321e-08
2 C 3pz    5.264515340528826e-08
0 C 3pz    2.191999879965172e-08
4 N 3pz    8.919170303091599e-09
1 C 2pz    4.902500466600677e-09
0 C 2pz    3.3717571604046796e-09
4 N 2pz    2.1193811267367068e-09
2 C 2pz    5.8351499700972e-10
MO # 40 Energy: 0.780166 Occ: 0
4 N 3s     24.679163159719028
4 N 2s     13.40482713599074
4 N 3px    11.87480543697906
5 H 2s     7.2630971384608385
4 N 3pz    7.198585578272183
5 H 1s     5.396818886492652
4 N 2pz    4.0092178834699475
3 C 3px    3.5132721926158377
0 C 3px    3.510767593234116
3 C 3py    2.474205579607934
0 C 3py    2.4691883748494927
4 N 2px    2.216922314722129
2 C 3s     2.0425678087798707
1 C 3s     2.032617399234507
0 C 3pz    1.1616371535745424
3 C 3pz    1.1615184093172104
9 H 2s     0.734232858966529
6 H 2s     0.7327219483970809
3 C 3s     0.46308461698121756
2 C 3px    0.4600474360190507
0 C 3s     0.4563467678945736
1 C 3px    0.4562779703637909
1 C 3py    0.30139715910515613
2 C 3py    0.2979939366697348
3 C 2px    0.13977403870122004
0 C 2px    0.13964666563475828
9 H 1s     0.11788792914028627
6 H 1s     0.11764837985048021
3 C 2s     0.11580641081728991
0 C 2s     0.11529825138399431
2 C 3pz    0.09527671960301184
1 C 3pz    0.09526413318418697
3 C 2pz    0.09120960014279597
0 C 2pz    0.09120598384695372
4 N 1s     0.07415839523471177
7 H 2s     0.07320243299366364
8 H 2s     0.07256870845925419
3 C 2py    0.07193374011324034
0 C 2py    0.07178896252011278
1 C 2px    0.04040402657321267
2 C 2px    0.04039965188666025
1 C 2s     0.033920341380330045
2 C 2s     0.03340038741565848
7 H 1s     0.01905781619527117
8 H 1s     0.01903572441307904
0 C 1s     0.0068547664834272505
3 C 1s     0.00685207723049707
2 C 2pz    0.0026144884666075767
1 C 2pz    0.0026138200961217167
4 N 3py    0.0002900743055105328
2 C 1s     0.00024755116951483814
1 C 1s     0.00023593269057913487
2 C 2py    4.3120350804201626e-05
1 C 2py    4.02779068775488e-05
4 N 2py    4.852092871728016e-06
MO # 41 Energy: 0.862725 Occ: 0
6 H 1s     42.51661726488988
0 C 2py    21.97319097211834
0 C 2s     12.954615133649494
0 C 2px    4.604751353104598
6 H 2s     3.381938881626077
4 N 3py    2.515933487838633
0 C 3s     2.2223410556864107
4 N 3px    2.091152996959908
3 C 3s     1.4016728248913115
1 C 3py    1.2353471875586763
0 C 1s     0.6536411791102461
0 C 3px    0.5862885760855368
1 C 3s     0.4867034360640333
3 C 3py    0.4773345366048173
2 C 3px    0.4043168366125491
5 H 2s     0.39613265199948355
1 C 2py    0.27245053220405696
4 N 2py    0.27182957776038424
1 C 2s     0.2546591088212593
0 C 3py    0.22472216866513037
7 H 2s     0.1679099946917267
1 C 2px    0.1577136640911851
2 C 3py    0.12216015507694222
5 H 1s     0.11399413464076703
3 C 3px    0.09493860168462108
2 C 3s     0.08290887401636907
3 C 2s     0.058867553480152976
4 N 2px    0.050401842538393984
8 H 2s     0.049473645009279
4 N 2s     0.03577751113341537
2 C 2s     0.02620016688273587
2 C 2py    0.021420342633334966
7 H 1s     0.021172313124246864
4 N 3s     0.014013116916783825
1 C 1s     0.01273532622974492
9 H 2s     0.01225195643942783
4 N 1s     0.008347903005647488
3 C 1s     0.005597043286202748
1 C 3px    0.004772370923934131
2 C 1s     0.004168163142779231
9 H 1s     0.0038578068714603397
3 C 2py    0.0015219978261162726
8 H 1s     0.0014969421169587795
3 C 2px    0.0014430722484063108
2 C 2px    0.0012156069475341982
0 C 3pz    6.970869415970983e-08
1 C 3pz    3.76459184604185e-08
0 C 2pz    1.3347492076059542e-08
1 C 2pz    4.918664074967474e-09
4 N 2pz    3.576383855867542e-09
4 N 3pz    2.0244461833895706e-09
2 C 2pz    9.081641598321905e-10
3 C 2pz    3.1810345256079167e-10
3 C 3pz    3.1789009286275926e-10
2 C 3pz    2.5288117861510918e-11
MO # 42 Energy: 0.878877 Occ: 0
9 H 1s     42.51678094022354
3 C 2py    21.97245315335009
3 C 2s     12.95456292862359
3 C 2px    4.605676809588727
9 H 2s     3.3819165155442983
4 N 3py    2.515837556632512
3 C 3s     2.2222031429856406
4 N 3px    2.0911878039861063
0 C 3s     1.401608225384383
2 C 3py    1.23538169410189
3 C 1s     0.6536385706078665
3 C 3px    0.5863686521162781
2 C 3s     0.48660226729349265
0 C 3py    0.4772995709707699
1 C 3px    0.404305524412107
5 H 2s     0.39613283236355085
2 C 2py    0.27245709386691636
4 N 2py    0.2718354159885009
2 C 2s     0.25465852308115644
3 C 3py    0.22473311061844364
8 H 2s     0.16792185126231463
2 C 2px    0.15770101273160791
1 C 3py    0.1221130538551424
5 H 1s     0.11399407372347194
0 C 3px    0.09494907891868984
1 C 3s     0.08296346320422474
0 C 2s     0.05886813980166351
4 N 2px    0.05040838715026451
7 H 2s     0.04947073041240642
4 N 2s     0.03578070109074984
1 C 2s     0.026198204038206923
1 C 2py    0.021420058074639432
8 H 1s     0.021172963621957332
4 N 3s     0.013996728946343616
2 C 1s     0.01273513323063091
6 H 2s     0.01224969944456081
4 N 1s     0.008347923743141387
0 C 1s     0.0055970374734597185
2 C 3px    0.004765992571304301
1 C 1s     0.004168223562145867
6 H 1s     0.0038576296572287575
0 C 2py    0.0015222281035735111
7 H 1s     0.0014971640490959888
0 C 2px    0.001443120224700315
1 C 2px    0.0012167434524477704
3 C 3pz    1.6088806279505452e-07
4 N 3pz    7.87547429399974e-08
2 C 3pz    5.578573417749308e-08
3 C 2pz    1.2023921458976989e-08
4 N 2pz    8.705785248280744e-09
2 C 2pz    6.655197307613031e-09
0 C 3pz    1.881399451629664e-09
1 C 3pz    6.231998830861742e-10
1 C 2pz    3.099394893427225e-10
0 C 2pz    2.883065417155102e-10
MO # 43 Energy: 0.880938 Occ: 0
7 H 1s     44.46530882686904
1 C 2px    17.784802366216883
1 C 2s     12.030805378092873
1 C 2py    10.035912060677951
7 H 2s     2.141706673148349
2 C 3px    1.7937820316907032
1 C 3s     1.6437895196626195
1 C 3px    1.6282074485447342
3 C 3s     1.2656234157587576
1 C 3py    0.9485488290852364
0 C 3py    0.8520669425400048
0 C 3px    0.7654481700916199
4 N 3px    0.6447313055592045
1 C 1s     0.6169619801251345
2 C 3s     0.59362930760426
0 C 3s     0.5592869634753875
8 H 2s     0.3630807018256173
2 C 2px    0.2752876205659151
0 C 2py    0.2713637289670054
3 C 3px    0.17807151207059113
3 C 3py    0.17235442797413011
0 C 2px    0.16050678207721306
6 H 2s     0.15375093263176534
0 C 2s     0.11620618087714495
4 N 3py    0.11445087095301686
2 C 2s     0.09911720172395463
5 H 2s     0.05307293333649116
8 H 1s     0.04102936177937001
2 C 2py    0.029737450263003177
3 C 2px    0.021831339345186024
6 H 1s     0.020430988342698287
4 N 2py    0.02032735135851973
3 C 2s     0.019322808487881545
0 C 1s     0.019102553093609333
4 N 3s     0.015816504975585198
4 N 2s     0.013933005401011219
4 N 2px    0.01300198237042266
2 C 3py    0.012621468257163102
2 C 1s     0.008871532520604734
3 C 2py    0.007819453836715444
5 H 1s     0.0077480755335183095
9 H 2s     0.006321944995470428
3 C 1s     0.005945722702694045
9 H 1s     0.005217263231871953
4 N 1s     0.003046103166558479
1 C 2pz    5.779534742163825e-07
1 C 3pz    2.573599811024495e-07
2 C 3pz    8.289276711252743e-08
0 C 3pz    3.027673839325705e-08
4 N 3pz    1.103581810062425e-08
0 C 2pz    8.626910998917578e-09
3 C 3pz    5.6818990119723095e-09
2 C 2pz    3.1909892922029833e-09
3 C 2pz    7.108554039865555e-10
4 N 2pz    4.63299496839853e-10
MO # 44 Energy: 0.898251 Occ: 0
4 N 3s     20.51416467941317
4 N 3px    16.027437719048507
0 C 3s     9.981822286049495
3 C 3s     9.981630151736523
0 C 3py    6.228032047499217
3 C 3py    6.227816786064916
4 N 2s     5.3495196681662325
5 H 2s     4.560237357205795
1 C 3s     3.330301830365653
2 C 3s     3.3301790320356726
4 N 2px    1.6480515504682012
3 C 3px    1.5062074187790204
0 C 3px    1.5060332323369783
5 H 1s     1.365646433508377
1 C 3px    1.1513468603494412
2 C 3px    1.15127096242949
6 H 2s     1.1418500101404185
9 H 2s     1.1418083487615753
0 C 2s     0.7626084099306163
3 C 2s     0.7626084090729024
3 C 2py    0.6552279669798986
0 C 2py    0.6552136543357663
0 C 2px    0.1809654396504731
3 C 2px    0.1809566492136415
6 H 1s     0.09949138412949811
9 H 1s     0.09948691060970921
2 C 2py    0.08217985283641084
1 C 2py    0.08217888948406588
2 C 2px    0.05623700529040682
1 C 2px    0.05623327578285757
2 C 2s     0.028412524746303753
1 C 2s     0.028407838988815312
2 C 3py    0.02651620512625685
1 C 3py    0.02650000927635159
4 N 1s     0.024191295929241192
8 H 1s     0.009614028805877804
7 H 1s     0.009613329197524808
8 H 2s     0.009148249686696554
7 H 2s     0.009138144240583141
2 C 1s     0.004642177304280585
1 C 1s     0.004642083345535599
0 C 1s     0.0011358899160265746
3 C 1s     0.0011356478788388464
4 N 3py    0.00014432242074734103
4 N 2py    1.336043836469523e-05
4 N 3pz    4.177160436106523e-07
4 N 2pz    1.2697320916844806e-07
0 C 3pz    4.015024890297164e-08
3 C 3pz    3.7883087997639555e-08
2 C 3pz    2.7144499704331568e-08
1 C 3pz    1.7509862732979625e-08
3 C 2pz    1.3565400013695484e-09
2 C 2pz    1.265681035670173e-09
1 C 2pz    7.864321698934638e-10
0 C 2pz    2.380821649015172e-10
MO # 45 Energy: 0.949163 Occ: 0
3 C 3s     27.967586658873046
2 C 3s     15.531739529313485
4 N 3s     10.491971250788218
3 C 3py    8.659233183168164
2 C 3px    6.2840530151471725
3 C 2s     5.769435837332902
4 N 3px    3.4642056569260498
1 C 3s     3.09089710095677
9 H 2s     2.9043427167743348
3 C 3px    2.850194064406609
2 C 3py    1.8852172046749054
4 N 3py    1.5269629344883002
8 H 2s     1.2811128224284127
1 C 3py    1.1252102113646933
4 N 2s     0.9449671047347689
3 C 3pz    0.8320044948610434
1 C 3px    0.723062633468424
2 C 2s     0.7070273378375457
0 C 3s     0.6887639915713681
5 H 2s     0.5267943598398331
3 C 2pz    0.3624690186727316
0 C 3py    0.3519640786721452
0 C 2s     0.32460167240891774
2 C 2px    0.19521525474191373
2 C 3pz    0.18379920194750723
3 C 2px    0.15712076682352366
3 C 2py    0.1539922295521766
4 N 3pz    0.15168198028919538
7 H 2s     0.1065618136588057
0 C 2py    0.1063451659538357
1 C 2py    0.08789962022225253
2 C 2py    0.07805638445701116
0 C 2px    0.059470066065310086
8 H 1s     0.05348806288230972
3 C 1s     0.050788002363544596
4 N 2py    0.046658660813626976
1 C 2s     0.0464893389525186
1 C 2px    0.0319534512969979
9 H 1s     0.028955623790731643
6 H 2s     0.02642860635932753
2 C 2pz    0.0241252237517424
5 H 1s     0.02085643014848167
2 C 1s     0.019728244447057435
4 N 1s     0.01591990805900578
0 C 3px    0.014026765491169543
1 C 3pz    0.013472692679942434
0 C 3pz    0.007238242386885925
4 N 2px    0.005597270240097567
0 C 1s     0.005081945582648947
4 N 2pz    0.004985673977852526
0 C 2pz    0.00383740941071453
7 H 1s     0.003445593845367371
1 C 2pz    0.0021814882310930215
1 C 1s     0.0005274685146034442
6 H 1s     0.0002545343528504838
MO # 46 Energy: 0.958732 Occ: 0
0 C 3py    29.023639826157353
4 N 3s     17.52177000864346
1 C 3py    11.040982537004927
6 H 2s     6.818442157235977
0 C 3px    5.084991896952141
2 C 3s     3.6383836649223458
4 N 3px    3.3449907324720827
4 N 3py    3.106257051923996
0 C 2py    2.384779038494143
6 H 1s     2.1927283964783237
0 C 3s     2.178214204061681
4 N 2s     1.6654755954646177
0 C 2s     1.5606192637459626
7 H 2s     1.48345881521594
2 C 3py    1.3157116005279954
1 C 3px    1.302400394010903
2 C 3px    1.2059638610467054
5 H 2s     0.8881092882592432
3 C 3px    0.862282464634002
1 C 3s     0.5043100901186548
3 C 2s     0.39044485559304143
3 C 3s     0.35859964970728936
0 C 2px    0.34163930677275345
3 C 3py    0.3381585375784533
7 H 1s     0.3249405884598117
2 C 2s     0.21923750865229205
8 H 2s     0.20884894589150713
3 C 2py    0.15533883814133936
5 H 1s     0.09726075196689775
1 C 2s     0.09537390857949077
2 C 2py    0.07908210509375299
1 C 2py    0.07646018564719355
3 C 2px    0.052222017644082346
8 H 1s     0.04262397902827651
4 N 1s     0.03226522195257938
0 C 1s     0.016932333128192176
4 N 2py    0.014854343538447277
1 C 2px    0.011807358906660643
1 C 1s     0.008080317503516805
3 C 1s     0.004908140999672051
2 C 1s     0.00397037916905931
4 N 2px    0.0011203451251699057
2 C 2px    0.0010012198687273557
9 H 1s     0.0007691355385623946
9 H 2s     0.000548805819414118
1 C 3pz    1.0456609050095869e-07
0 C 3pz    7.761936011158173e-08
2 C 3pz    7.737959755632829e-08
4 N 3pz    3.354450712231032e-08
0 C 2pz    1.7512441603757878e-08
3 C 3pz    1.2762071403376791e-08
1 C 2pz    3.661880600953626e-09
2 C 2pz    2.9176972071405278e-09
3 C 2pz    1.9809131213550155e-09
4 N 2pz    3.788696496913444e-10
MO # 47 Energy: 0.982726 Occ: 0
8 H 1s     44.46542204002194
2 C 2px    17.783743880659284
2 C 2s     12.030773191850805
2 C 2py    10.037043156292905
8 H 2s     2.1417218458927763
1 C 3px    1.7937633086238767
2 C 3s     1.643858843865222
2 C 3px    1.6280749324297388
0 C 3s     1.2656281416701225
2 C 3py    0.948617828113294
3 C 3py    0.8520290370618501
3 C 3px    0.7654042488857242
4 N 3px    0.6447616911559223
2 C 1s     0.6169628356193361
1 C 3s     0.5936272741805348
3 C 3s     0.559334928140526
7 H 2s     0.3630898255170895
1 C 2px    0.2752865381047223
3 C 2py    0.27136048431671717
0 C 3px    0.17805954795433496
0 C 3py    0.17236655525003422
3 C 2px    0.16049502847836197
9 H 2s     0.15373891892495029
3 C 2s     0.11620068285707183
4 N 3py    0.11442856599444254
1 C 2s     0.09912108514188105
5 H 2s     0.05307435599253338
7 H 1s     0.04103042152318685
1 C 2py    0.02975262448766287
0 C 2px    0.02183078415022738
9 H 1s     0.020429346452389745
4 N 2py    0.020327832427613157
0 C 2s     0.019324186004327188
3 C 1s     0.019102566061049642
4 N 3s     0.01579030023459173
4 N 2s     0.013934084723901811
4 N 2px    0.013000780316399946
1 C 3py    0.012518300251514283
1 C 1s     0.008871607293513172
0 C 2py    0.007818871829827009
5 H 1s     0.007748159452578855
6 H 2s     0.006321484884078193
0 C 1s     0.005945700064721476
6 H 1s     0.005217061019963966
4 N 1s     0.0030461241711657295
2 C 3pz    3.7147336881946316e-07
2 C 2pz    3.6993165996505626e-07
1 C 3pz    1.552754191146172e-07
3 C 3pz    7.633560069760859e-08
0 C 3pz    7.040817993352357e-09
1 C 2pz    4.186580422790589e-09
3 C 2pz    3.1886740638526754e-09
4 N 3pz    2.806851148554469e-09
4 N 2pz    1.2600606255772067e-09
0 C 2pz    1.562371489732556e-10
MO # 48 Energy: 1.041533 Occ: 0
1 C 3py    25.296741359789657
2 C 3s     22.52253145775547
0 C 3py    6.937800461463693
7 H 2s     5.887074692182449
2 C 3py    5.777866978267463
3 C 3s     5.391167824540664
1 C 3s     4.9981608066987
1 C 3px    2.9808794161860335
3 C 3py    2.4842840714290313
1 C 2py    2.3033309730526637
0 C 3px    2.1177816517710424
2 C 3px    1.796877411925455
7 H 1s     1.7056122658540822
8 H 2s     1.5222249399205574
4 N 3py    1.161148817381483
4 N 3px    1.1167496930241936
6 H 2s     1.0932917110671072
2 C 2s     0.9957505368166915
1 C 2s     0.683160143429689
0 C 3s     0.5781123675201054
4 N 3s     0.5208646232659964
3 C 3px    0.3643515751938429
9 H 2s     0.34479465256791786
1 C 2px    0.2373783095633946
6 H 1s     0.23001030728574207
2 C 2py    0.22541707958979113
0 C 2s     0.18200379306423894
5 H 2s     0.11814538273989467
4 N 2s     0.10401546310816015
3 C 2px    0.060963040895617465
3 C 2s     0.05325415389145709
5 H 1s     0.04442524096346342
2 C 1s     0.033110069642493585
4 N 2px    0.029595042543391174
1 C 1s     0.020303216871148375
3 C 2py    0.016854850524343535
9 H 1s     0.016675815653662312
2 C 2px    0.013556454775945493
0 C 1s     0.009620020847610317
0 C 2py    0.00710440875667569
0 C 2px    0.006633147437924796
8 H 1s     0.005562576956570396
4 N 2py    0.002855454078694946
4 N 1s     0.001473114054271782
3 C 1s     0.0004828222094976499
1 C 3pz    1.0896862575767108e-06
0 C 3pz    2.1910968576609099e-07
2 C 3pz    2.135874128998276e-07
1 C 2pz    2.0207705163148174e-07
4 N 3pz    4.90512084985922e-08
2 C 2pz    1.1081192379483618e-08
3 C 3pz    8.984366738030223e-09
0 C 2pz    7.271272665366681e-09
3 C 2pz    2.2244613258734233e-09
4 N 2pz    3.692876786650621e-10
MO # 49 Energy: 1.163960 Occ: 0
2 C 3s     27.22778874146023
1 C 3s     13.230911183259614
3 C 3s     12.775399405372054
2 C 3px    6.536352604979289
2 C 2s     5.9054272396546885
2 C 3py    4.934756802325455
1 C 3py    4.43599460144434
3 C 3py    3.7323897055024706
0 C 3s     3.629379326271054
8 H 2s     3.010754990034199
3 C 3px    2.6217045620955104
1 C 3px    2.460113677518419
0 C 3py    1.4709348529388526
7 H 2s     1.152658359764753
4 N 3s     1.0712914696762683
9 H 2s     0.975979241501139
2 C 3pz    0.7186467760293036
0 C 3px    0.5191738313994431
1 C 2s     0.5080136244710177
4 N 3py    0.49387299600437634
3 C 2s     0.4000363774957266
2 C 2pz    0.3228619365772648
2 C 2px    0.2457794918198124
1 C 2py    0.22055265077219624
3 C 2px    0.18711335607140933
2 C 2py    0.17330529611519546
3 C 3pz    0.1538879613249125
6 H 2s     0.1468629990727923
1 C 3pz    0.13477853001598514
8 H 1s     0.08178363712987827
0 C 2px    0.07002242705453293
5 H 2s     0.059620661160924154
7 H 1s     0.053812406690387456
2 C 1s     0.05089747022824298
9 H 1s     0.03716803638987041
4 N 2s     0.030223091303826072
4 N 2py    0.027791830590627505
1 C 2px    0.02559314453907398
0 C 2py    0.018639586900482282
3 C 2pz    0.01815241048038147
1 C 1s     0.017576498703379302
3 C 2py    0.015679556635228523
4 N 3px    0.015381303292101656
4 N 3pz    0.013434153265217475
3 C 1s     0.0129369746069102
5 H 1s     0.010662395014479744
4 N 2px    0.010651150672554136
1 C 2pz    0.009472705890716039
0 C 3pz    0.00847609360258833
0 C 2s     0.008137017570853769
6 H 1s     0.0037197383168184454
4 N 2pz    0.0019708136765429563
0 C 1s     0.000655201906962232
4 N 1s     0.0006271152644101498
0 C 2pz    0.00019198814577444412
MO # 50 Energy: 1.237771 Occ: 0
4 N 3s     24.64468021918195
4 N 2s     13.388826970978759
4 N 3px    11.899817740300508
5 H 2s     7.265701134291069
4 N 3pz    7.185503940531755
5 H 1s     5.3970553423877785
4 N 2pz    4.002734149192301
0 C 3px    3.515407979138815
3 C 3px    3.5131829610033636
0 C 3py    2.479786284253449
3 C 3py    2.4745315523792875
4 N 2px    2.220880669769574
1 C 3s     2.04682527285667
2 C 3s     2.0370284187156047
0 C 3pz    1.1596183200565982
3 C 3pz    1.1595938557040426
6 H 2s     0.7354358512302368
9 H 2s     0.7339281042402929
0 C 3s     0.4708647274124654
3 C 3s     0.46435777304751175
1 C 3px    0.46071821351140196
2 C 3px    0.45703209686546353
2 C 3py    0.3019212697833805
1 C 3py    0.2985461633186093
0 C 2px    0.13943820664257844
3 C 2px    0.13929602833048338
6 H 1s     0.11806218817882372
9 H 1s     0.11782365026806942
0 C 2s     0.11513776959899101
3 C 2s     0.11462673503979663
1 C 3pz    0.09514291864881638
2 C 3pz    0.09509174832049366
0 C 2pz    0.09104557259429137
3 C 2pz    0.09103165928134198
4 N 1s     0.07414517990990922
8 H 2s     0.07338320662568038
7 H 2s     0.07275504734691511
0 C 2py    0.07130040798630245
3 C 2py    0.07116608478485217
2 C 2px    0.040490764669532074
1 C 2px    0.04048870146144913
2 C 2s     0.03408833430164268
1 C 2s     0.03357676720550162
8 H 1s     0.01909896020904032
7 H 1s     0.019076169705406692
3 C 1s     0.0068579485173952326
0 C 1s     0.006855487016206232
1 C 2pz    0.002613107272344029
2 C 2pz    0.0026114887087575873
1 C 1s     0.00024270910682781173
2 C 1s     0.0002312756123450421
4 N 3py    0.00015675002959557264
1 C 2py    9.033055561794564e-05
2 C 2py    8.506040223819435e-05
4 N 2py    1.0731517659374989e-05
MO # 51 Energy: 1.328364 Occ: 0
1 C 3s     27.226054485822555
2 C 3s     13.23107147829497
0 C 3s     12.77527624368575
1 C 3px    6.537040848020134
1 C 2s     5.904800350691396
1 C 3py    4.9347858066328385
2 C 3py    4.4362350818710485
0 C 3py    3.7326983739773705
3 C 3s     3.6299388220167006
7 H 2s     3.0111335788407656
0 C 3px    2.6212313896668253
2 C 3px    2.460308869051829
3 C 3py    1.4711241373963224
8 H 2s     1.1527897610772353
4 N 3s     1.071152125112166
6 H 2s     0.97596327026106
1 C 3pz    0.7185943603508649
3 C 3px    0.5192746834649071
2 C 2s     0.5080264036901281
4 N 3py    0.4939943039657909
0 C 2s     0.4000413862367183
1 C 2pz    0.32279780056637414
1 C 2px    0.24582148660365646
2 C 2py    0.22053647635693624
0 C 2px    0.1871139467678774
1 C 2py    0.17330351941532735
0 C 3pz    0.15388587498282327
9 H 2s     0.14690227370090914
2 C 3pz    0.1347659877797979
7 H 1s     0.08188865463405522
3 C 2px    0.07002243781788
5 H 2s     0.05962587134344203
8 H 1s     0.05383496883645468
1 C 1s     0.05089469700384141
6 H 1s     0.03716898782841641
4 N 2s     0.03024220867484705
4 N 2py    0.027790039340925637
2 C 2px    0.025603219816628203
3 C 2py    0.018638795142805482
0 C 2pz    0.018150781990172938
2 C 1s     0.01757685982981885
0 C 2py    0.015678707659306356
4 N 3px    0.01528303341679655
4 N 3pz    0.013439319397115517
0 C 1s     0.01293618285039019
5 H 1s     0.010666044184007534
4 N 2px    0.01065884383429144
2 C 2pz    0.009470661479811257
3 C 3pz    0.008475576830240276
3 C 2s     0.008125993171740994
9 H 1s     0.0037213820711588293
4 N 2pz    0.001969941648672361
3 C 1s     0.000654803441122525
4 N 1s     0.0006274546251259893
3 C 2pz    0.0001914068296358037
MO # 52 Energy: 1.356988 Occ: 0
0 C 3s     27.968857607751005
1 C 3s     15.531561966623487
4 N 3s     10.492312105899178
0 C 3py    8.658863216745205
1 C 3px    6.284264947243631
0 C 2s     5.769820686867816
4 N 3px    3.4641743544290144
2 C 3s     3.090526206893525
6 H 2s     2.904091579304648
0 C 3px    2.849704529835422
1 C 3py    1.884869777055063
4 N 3py    1.5270493644333831
7 H 2s     1.2810839562365648
2 C 3py    1.1252195900529247
4 N 2s     0.945008886374426
0 C 3pz    0.832296014322497
2 C 3px    0.7229622055352442
1 C 2s     0.7070284615671101
3 C 3s     0.6886866330054829
5 H 2s     0.5267250175537689
0 C 2pz    0.36255449358888236
3 C 3py    0.3518504290695291
3 C 2s     0.32453764404623436
1 C 2px    0.19520629638853157
1 C 3pz    0.18390828028201328
0 C 2px    0.15712929553729957
0 C 2py    0.15391880907203356
4 N 3pz    0.15166643776189456
8 H 2s     0.106555164386359
3 C 2py    0.10633231142395708
2 C 2py    0.08789522704005408
1 C 2py    0.07805840860656316
3 C 2px    0.05946201779299609
7 H 1s     0.053484787931501805
0 C 1s     0.05078979816846681
4 N 2py    0.046647262512781736
2 C 2s     0.04649439398193741
2 C 2px    0.03195704802286143
6 H 1s     0.028878444042919976
9 H 2s     0.026408756773992407
1 C 2pz    0.024132848691481353
5 H 1s     0.020803006149058976
1 C 1s     0.019728675129431064
4 N 1s     0.01592017674198842
3 C 3px    0.013956449117147768
2 C 3pz    0.013478279718169582
3 C 3pz    0.007241683616245314
4 N 2px    0.005579341029284413
3 C 1s     0.0050811059744380604
4 N 2pz    0.004985798049670149
3 C 2pz    0.003838263930457911
8 H 1s     0.0034466770114691793
2 C 2pz    0.0021819150247527415
2 C 1s     0.0005275604774132489
9 H 1s     0.00025580517886220956
MO # 53 Energy: 1.552378 Occ: 0
2 C 3s     16.25121622700894
3 C 3s     14.141383082769146
1 C 3s     7.514076643694474
3 C 3py    6.288088851722679
2 C 3px    6.175383335167411
4 N 3s     5.173202369414864
2 C 3py    4.220679154365371
2 C 2px    4.128923727576374
3 C 2px    3.930288663061754
3 C 2s     3.790467795371636
2 C 2s     2.876313398327785
1 C 3py    2.756244161485517
4 N 3px    2.6027661981130845
3 C 3px    2.2439893247917424
1 C 3px    2.034177154933045
8 H 2s     1.9322282340567118
0 C 3s     1.6430165996697532
9 H 2s     1.6259913252899858
3 C 2pz    1.4224592679664485
2 C 2pz    1.2269252850805905
2 C 2py    1.2127005421300157
3 C 2py    0.782337386900618
0 C 3py    0.6383605693499006
7 H 2s     0.6277109973079275
4 N 3py    0.5932716134609943
1 C 2py    0.3344100699808613
5 H 2s     0.31312751645368603
0 C 3px    0.29920435379442223
4 N 3pz    0.2990159377629909
4 N 2s     0.2689828302832523
4 N 2pz    0.24906918785709614
2 C 3pz    0.21933659805964312
3 C 1s     0.21563614947141624
2 C 1s     0.2136030913119737
3 C 3pz    0.21005983531948866
0 C 2s     0.18296490322335587
1 C 2pz    0.17416439912258816
9 H 1s     0.16270639449065524
4 N 2px    0.1403006168330914
8 H 1s     0.13916885018275296
1 C 3pz    0.09986657422550549
4 N 2py    0.09096265944653732
1 C 2s     0.08581955922640468
0 C 2py    0.07530594998746779
0 C 2pz    0.07485091137547895
0 C 3pz    0.06445635655680225
0 C 2px    0.06418010133780172
1 C 2px    0.056602889653370035
6 H 2s     0.05118773405347999
7 H 1s     0.022813394057808502
5 H 1s     0.022003586695018028
1 C 1s     0.018995564971620645
4 N 1s     0.015929179186748903
6 H 1s     0.002086235323870037
0 C 1s     0.000986660737797444
MO # 54 Energy: 1.673845 Occ: 0
1 C 3s     16.250831193108734
0 C 3s     14.141219298095214
2 C 3s     7.514123996221234
0 C 3py    6.2882865988083
1 C 3px    6.175349208978137
4 N 3s     5.17289621915785
1 C 3py    4.220284696606098
1 C 2px    4.128825374834362
0 C 2px    3.9305113878680524
0 C 2s     3.7902768895314756
1 C 2s     2.87657057306128
2 C 3py    2.7564186783019293
4 N 3px    2.6022349978249153
0 C 3px    2.2434897868765558
2 C 3px    2.0341511110289896
7 H 2s     1.932076585913285
3 C 3s     1.6435711804354802
6 H 2s     1.6259534071920252
0 C 2pz    1.422684993312906
1 C 2pz    1.2272036872416752
1 C 2py    1.2128637071923898
0 C 2py    0.7823293549935221
3 C 3py    0.638766810023804
8 H 2s     0.6277423270013497
4 N 3py    0.5933330318777692
2 C 2py    0.334388483527023
5 H 2s     0.31294552024464267
3 C 3px    0.29927246604529284
4 N 3pz    0.2990240503897395
4 N 2s     0.26891830785029597
4 N 2pz    0.24912127532053033
1 C 3pz    0.21945904734552793
0 C 1s     0.21563803300448037
1 C 1s     0.2136082155145034
0 C 3pz    0.2101598223532597
3 C 2s     0.18292664757259497
2 C 2pz    0.17419225905136973
6 H 1s     0.16268050389912952
4 N 2px    0.14047628628562678
7 H 1s     0.1391604606456526
2 C 3pz    0.09990176306062042
4 N 2py    0.09096615132104446
2 C 2s     0.08579885379651309
3 C 2py    0.0752731618831761
3 C 2pz    0.07486199367545844
3 C 3pz    0.06446642003249542
3 C 2px    0.06415968910838284
2 C 2px    0.05659563824215745
9 H 2s     0.05124647040791316
8 H 1s     0.022816238503674913
5 H 1s     0.021943017177387798
2 C 1s     0.018997026105104946
4 N 1s     0.01592739908748212
9 H 1s     0.002091894508709631
3 C 1s     0.000987808552710384

